This is pdfTeX, Version 3.141592653-2.6-1.40.26 (TeX Live 2024) (preloaded format=latex 2024.12.17)  1 JAN 2025 12:33
entering extended mode
 restricted \write18 enabled.
 file:line:error style messages enabled.
 %&-line parsing enabled.
**chap1_en.tex
(./chap1_en.tex
LaTeX2e <2023-11-01> patch level 1
L3 programming layer <2024-02-20>
./chap1_en.tex:5: Undefined control sequence.
l.5 \chapter
            {Basic Concepts of Topology}
? 
./chap1_en.tex:5: Emergency stop.
l.5 
    
End of file on the terminal!

 
Here is how much of TeX's memory you used:
 16 strings out of 474117
 387 string characters out of 5743707
 1925184 words of memory out of 5000000
 22476 multiletter control sequences out of 15000+600000
 558069 words of font info for 36 fonts, out of 8000000 for 9000
 1141 hyphenation exceptions out of 8191
 12i,0n,13p,71b,8s stack positions out of 10000i,1000n,20000p,200000b,200000s
No pages of output.
