This is pdfTeX, Version 3.141592653-2.6-1.40.26 (TeX Live 2024) (preloaded format=latex 2024.12.17)  2 JAN 2025 12:06
entering extended mode
 restricted \write18 enabled.
 file:line:error style messages enabled.
 %&-line parsing enabled.
**chap13_en.tex
(./chap13_en.tex
LaTeX2e <2023-11-01> patch level 1
L3 programming layer <2024-02-20>
./chap13_en.tex:1: Undefined control sequence.
l.1 \chapter
            {Symmetric-Hyperbolic Equations}
? 
./chap13_en.tex:1: Emergency stop.
l.1 
    
End of file on the terminal!

 
Here is how much of TeX's memory you used:
 16 strings out of 474117
 391 string characters out of 5743707
 1925184 words of memory out of 5000000
 22476 multiletter control sequences out of 15000+600000
 558069 words of font info for 36 fonts, out of 8000000 for 9000
 1141 hyphenation exceptions out of 8191
 12i,0n,13p,85b,8s stack positions out of 10000i,1000n,20000p,200000b,200000s
No pages of output.
