This is pdfTeX, Version 3.141592653-2.6-1.40.26 (TeX Live 2024) (preloaded format=latex 2024.12.17)  26 DEC 2024 19:10
entering extended mode
 restricted \write18 enabled.
 file:line:error style messages enabled.
 %&-line parsing enabled.
**book_methods_gar.tex
(./book_methods_gar.tex
LaTeX2e <2023-11-01> patch level 1
L3 programming layer <2024-02-20>
(./book.cls
Document Class: book 2005/09/16 v1.4f Standard LaTeX document class
(/usr/local/texlive/2024/texmf-dist/tex/latex/base/bk10.clo
File: bk10.clo 2023/05/17 v1.4n Standard LaTeX file (size option)
)
\c@part=\count188
\c@chapter=\count189
\c@section=\count190
\c@subsection=\count191
\c@subsubsection=\count192
\c@paragraph=\count193
\c@subparagraph=\count194
\c@figure=\count195
\c@table=\count196
\abovecaptionskip=\skip48
\belowcaptionskip=\skip49
\bibindent=\dimen140
)
(/usr/local/texlive/2024/texmf-dist/tex/latex/graphics/color.sty
Package: color 2022/01/06 v1.3d Standard LaTeX Color (DPC)

(/usr/local/texlive/2024/texmf-dist/tex/latex/graphics-cfg/color.cfg
File: color.cfg 2016/01/02 v1.6 sample color configuration
)
Package color Info: Driver file: dvips.def on input line 149.

(/usr/local/texlive/2024/texmf-dist/tex/latex/graphics-def/dvips.def
File: dvips.def 2022/09/22 v3.1e Graphics/color driver for dvips
)
(/usr/local/texlive/2024/texmf-dist/tex/latex/graphics/dvipsnam.def
File: dvipsnam.def 2016/06/17 v3.0m Driver-dependent file (DPC,SPQR)
)
(/usr/local/texlive/2024/texmf-dist/tex/latex/graphics/mathcolor.ltx))
(/usr/local/texlive/2024/texmf-dist/tex/generic/babel/babel.sty
Package: babel 2024/02/07 v24.2 The Babel package
\babel@savecnt=\count197
\U@D=\dimen141
\l@unhyphenated=\language89

(/usr/local/texlive/2024/texmf-dist/tex/generic/babel/txtbabel.def)
\bbl@readstream=\read2
\bbl@dirlevel=\count198

(/usr/local/texlive/2024/texmf-dist/tex/generic/babel-english/english.ldf
Language: english 2017/06/06 v3.3r English support from the babel system
Package babel Info: Hyphen rules for 'canadian' set to \l@english
(babel)             (\language0). Reported on input line 102.
Package babel Info: Hyphen rules for 'australian' set to \l@ukenglish
(babel)             (\language23). Reported on input line 105.
Package babel Info: Hyphen rules for 'newzealand' set to \l@ukenglish
(babel)             (\language23). Reported on input line 108.
))
(/usr/local/texlive/2024/texmf-dist/tex/generic/babel/locale/en/babel-english.t
ex
Package babel Info: Importing font and identification data for english
(babel)             from babel-en.ini. Reported on input line 11.
) (/usr/local/texlive/2024/texmf-dist/tex/latex/base/latexsym.sty
Package: latexsym 1998/08/17 v2.2e Standard LaTeX package (lasy symbols)
\symlasy=\mathgroup4
LaTeX Font Info:    Overwriting symbol font `lasy' in version `bold'
(Font)                  U/lasy/m/n --> U/lasy/b/n on input line 52.
)
(/usr/local/texlive/2024/texmf-dist/tex/latex/base/inputenc.sty
Package: inputenc 2021/02/14 v1.3d Input encoding file
\inpenc@prehook=\toks17
\inpenc@posthook=\toks18

(/usr/local/texlive/2024/texmf-dist/tex/latex/base/latin9.def
File: latin9.def 2021/02/14 v1.3d Input encoding file
))
(/usr/local/texlive/2024/texmf-dist/tex/latex/base/fontenc.sty
Package: fontenc 2021/04/29 v2.0v Standard LaTeX package
)
(/usr/local/texlive/2024/texmf-dist/tex/latex/lm/lmodern.sty
Package: lmodern 2015/05/01 v1.6.1 Latin Modern Fonts
LaTeX Font Info:    Overwriting symbol font `operators' in version `normal'
(Font)                  OT1/cmr/m/n --> OT1/lmr/m/n on input line 22.
LaTeX Font Info:    Overwriting symbol font `letters' in version `normal'
(Font)                  OML/cmm/m/it --> OML/lmm/m/it on input line 23.
LaTeX Font Info:    Overwriting symbol font `symbols' in version `normal'
(Font)                  OMS/cmsy/m/n --> OMS/lmsy/m/n on input line 24.
LaTeX Font Info:    Overwriting symbol font `largesymbols' in version `normal'
(Font)                  OMX/cmex/m/n --> OMX/lmex/m/n on input line 25.
LaTeX Font Info:    Overwriting symbol font `operators' in version `bold'
(Font)                  OT1/cmr/bx/n --> OT1/lmr/bx/n on input line 26.
LaTeX Font Info:    Overwriting symbol font `letters' in version `bold'
(Font)                  OML/cmm/b/it --> OML/lmm/b/it on input line 27.
LaTeX Font Info:    Overwriting symbol font `symbols' in version `bold'
(Font)                  OMS/cmsy/b/n --> OMS/lmsy/b/n on input line 28.
LaTeX Font Info:    Overwriting symbol font `largesymbols' in version `bold'
(Font)                  OMX/cmex/m/n --> OMX/lmex/m/n on input line 29.
LaTeX Font Info:    Overwriting math alphabet `\mathbf' in version `normal'
(Font)                  OT1/cmr/bx/n --> OT1/lmr/bx/n on input line 31.
LaTeX Font Info:    Overwriting math alphabet `\mathsf' in version `normal'
(Font)                  OT1/cmss/m/n --> OT1/lmss/m/n on input line 32.
LaTeX Font Info:    Overwriting math alphabet `\mathit' in version `normal'
(Font)                  OT1/cmr/m/it --> OT1/lmr/m/it on input line 33.
LaTeX Font Info:    Overwriting math alphabet `\mathtt' in version `normal'
(Font)                  OT1/cmtt/m/n --> OT1/lmtt/m/n on input line 34.
LaTeX Font Info:    Overwriting math alphabet `\mathbf' in version `bold'
(Font)                  OT1/cmr/bx/n --> OT1/lmr/bx/n on input line 35.
LaTeX Font Info:    Overwriting math alphabet `\mathsf' in version `bold'
(Font)                  OT1/cmss/bx/n --> OT1/lmss/bx/n on input line 36.
LaTeX Font Info:    Overwriting math alphabet `\mathit' in version `bold'
(Font)                  OT1/cmr/bx/it --> OT1/lmr/bx/it on input line 37.
LaTeX Font Info:    Overwriting math alphabet `\mathtt' in version `bold'
(Font)                  OT1/cmtt/m/n --> OT1/lmtt/m/n on input line 38.
)
(/usr/local/texlive/2024/texmf-dist/tex/latex/amsmath/amsmath.sty
Package: amsmath 2023/05/13 v2.17o AMS math features
\@mathmargin=\skip50

For additional information on amsmath, use the `?' option.
(/usr/local/texlive/2024/texmf-dist/tex/latex/amsmath/amstext.sty
Package: amstext 2021/08/26 v2.01 AMS text

(/usr/local/texlive/2024/texmf-dist/tex/latex/amsmath/amsgen.sty
File: amsgen.sty 1999/11/30 v2.0 generic functions
\@emptytoks=\toks19
\ex@=\dimen142
))
(/usr/local/texlive/2024/texmf-dist/tex/latex/amsmath/amsbsy.sty
Package: amsbsy 1999/11/29 v1.2d Bold Symbols
\pmbraise@=\dimen143
)
(/usr/local/texlive/2024/texmf-dist/tex/latex/amsmath/amsopn.sty
Package: amsopn 2022/04/08 v2.04 operator names
)
\inf@bad=\count199
LaTeX Info: Redefining \frac on input line 234.
\uproot@=\count266
\leftroot@=\count267
LaTeX Info: Redefining \overline on input line 399.
LaTeX Info: Redefining \colon on input line 410.
\classnum@=\count268
\DOTSCASE@=\count269
LaTeX Info: Redefining \ldots on input line 496.
LaTeX Info: Redefining \dots on input line 499.
LaTeX Info: Redefining \cdots on input line 620.
\Mathstrutbox@=\box51
\strutbox@=\box52
LaTeX Info: Redefining \big on input line 722.
LaTeX Info: Redefining \Big on input line 723.
LaTeX Info: Redefining \bigg on input line 724.
LaTeX Info: Redefining \Bigg on input line 725.
\big@size=\dimen144
LaTeX Font Info:    Redeclaring font encoding OML on input line 743.
LaTeX Font Info:    Redeclaring font encoding OMS on input line 744.
\macc@depth=\count270
LaTeX Info: Redefining \bmod on input line 905.
LaTeX Info: Redefining \pmod on input line 910.
LaTeX Info: Redefining \smash on input line 940.
LaTeX Info: Redefining \relbar on input line 970.
LaTeX Info: Redefining \Relbar on input line 971.
\c@MaxMatrixCols=\count271
\dotsspace@=\muskip16
\c@parentequation=\count272
\dspbrk@lvl=\count273
\tag@help=\toks20
\row@=\count274
\column@=\count275
\maxfields@=\count276
\andhelp@=\toks21
\eqnshift@=\dimen145
\alignsep@=\dimen146
\tagshift@=\dimen147
\tagwidth@=\dimen148
\totwidth@=\dimen149
\lineht@=\dimen150
\@envbody=\toks22
\multlinegap=\skip51
\multlinetaggap=\skip52
\mathdisplay@stack=\toks23
LaTeX Info: Redefining \[ on input line 2953.
LaTeX Info: Redefining \] on input line 2954.
)
(/usr/local/texlive/2024/texmf-dist/tex/latex/graphics/graphicx.sty
Package: graphicx 2021/09/16 v1.2d Enhanced LaTeX Graphics (DPC,SPQR)

(/usr/local/texlive/2024/texmf-dist/tex/latex/graphics/keyval.sty
Package: keyval 2022/05/29 v1.15 key=value parser (DPC)
\KV@toks@=\toks24
)
(/usr/local/texlive/2024/texmf-dist/tex/latex/graphics/graphics.sty
Package: graphics 2022/03/10 v1.4e Standard LaTeX Graphics (DPC,SPQR)

(/usr/local/texlive/2024/texmf-dist/tex/latex/graphics/trig.sty
Package: trig 2021/08/11 v1.11 sin cos tan (DPC)
)
(/usr/local/texlive/2024/texmf-dist/tex/latex/graphics-cfg/graphics.cfg
File: graphics.cfg 2016/06/04 v1.11 sample graphics configuration
)
Package graphics Info: Driver file: dvips.def on input line 107.
)
\Gin@req@height=\dimen151
\Gin@req@width=\dimen152
)
(/usr/local/texlive/2024/texmf-dist/tex/latex/mathdesign/mathdesign.sty
Package: mathdesign 2013/08/29 v2.31 Math Design Project

(/usr/local/texlive/2024/texmf-dist/tex/latex/base/ifthen.sty
Package: ifthen 2022/04/13 v1.1d Standard LaTeX ifthen package (DPC)
)
(/usr/local/texlive/2024/texmf-dist/tex/latex/mathdesign/mdugm/mdugm.cfg)
(/usr/local/texlive/2024/texmf-dist/tex/latex/mathdesign/mdugm/mdugm.sty
Package: mdugm 2013/08/29 v2.31 urw garamondno8 + mdugm (Math Design Project)

(/usr/local/texlive/2024/texmf-dist/tex/latex/mathdesign/mdfont.def
File: mdfont.def 2013/08/29 v2.31 (Math Design Project)
)
(/usr/local/texlive/2024/texmf-dist/tex/latex/mathdesign/mdsffont.def
File: mdsffont.def 2013/08/29 v2.31 (Math Design Project)


LaTeX Info: Font shape OT1/phv/mc/n has incorrect series value `mc'.
            It should not contain an `m'! Please correct it.
            Found on input line 53.


LaTeX Info: Font shape OT1/phv/mc/sc has incorrect series value `mc'.
            It should not contain an `m'! Please correct it.
            Found on input line 56.


LaTeX Info: Font shape OT1/phv/mc/sl has incorrect series value `mc'.
            It should not contain an `m'! Please correct it.
            Found on input line 59.


LaTeX Info: Font shape OT1/phv/mc/it has incorrect series value `mc'.
            It should not contain an `m'! Please correct it.
            Found on input line 79.


LaTeX Info: Font shape T1/phv/mc/n has incorrect series value `mc'.
            It should not contain an `m'! Please correct it.
            Found on input line 102.


LaTeX Info: Font shape T1/phv/mc/sc has incorrect series value `mc'.
            It should not contain an `m'! Please correct it.
            Found on input line 105.


LaTeX Info: Font shape T1/phv/mc/sl has incorrect series value `mc'.
            It should not contain an `m'! Please correct it.
            Found on input line 108.


LaTeX Info: Font shape T1/phv/mc/it has incorrect series value `mc'.
            It should not contain an `m'! Please correct it.
            Found on input line 128.


LaTeX Info: Font shape OT1/uhv/mc/n has incorrect series value `mc'.
            It should not contain an `m'! Please correct it.
            Found on input line 259.


LaTeX Info: Font shape OT1/uhv/mc/sc has incorrect series value `mc'.
            It should not contain an `m'! Please correct it.
            Found on input line 262.


LaTeX Info: Font shape OT1/uhv/mc/sl has incorrect series value `mc'.
            It should not contain an `m'! Please correct it.
            Found on input line 265.


LaTeX Info: Font shape OT1/uhv/mc/it has incorrect series value `mc'.
            It should not contain an `m'! Please correct it.
            Found on input line 268.


LaTeX Info: Font shape T1/uhv/mc/n has incorrect series value `mc'.
            It should not contain an `m'! Please correct it.
            Found on input line 313.


LaTeX Info: Font shape T1/uhv/mc/sc has incorrect series value `mc'.
            It should not contain an `m'! Please correct it.
            Found on input line 316.


LaTeX Info: Font shape T1/uhv/mc/sl has incorrect series value `mc'.
            It should not contain an `m'! Please correct it.
            Found on input line 319.


LaTeX Info: Font shape T1/uhv/mc/it has incorrect series value `mc'.
            It should not contain an `m'! Please correct it.
            Found on input line 322.

) (/usr/local/texlive/2024/texmf-dist/tex/latex/mathdesign/mdttfont.def
File: mdttfont.def 2013/08/29 v2.31 (Math Design Project)
)
\symmdcal=\mathgroup5
LaTeX Font Info:    Overwriting symbol font `mdcal' in version `bold'
(Font)                  OMS/mdugm/m/n --> OMS/mdugm/b/n on input line 97.
\symmdscr=\mathgroup6
LaTeX Font Info:    Overwriting symbol font `mdscr' in version `bold'
(Font)                  OMS/mdugm/m/n --> OMS/mdugm/b/n on input line 103.
LaTeX Font Info:    Overwriting math alphabet `\mathfrak' in version `bold'
(Font)                  U/xmdeuf/m/n --> U/xmdeuf/b/n on input line 110.
LaTeX Font Info:    Overwriting symbol font `operators' in version `normal'
(Font)                  OT1/lmr/m/n --> OT1/mdugm/m/n on input line 121.
LaTeX Font Info:    Overwriting symbol font `letters' in version `normal'
(Font)                  OML/lmm/m/it --> OML/mdugm/m/it on input line 122.
LaTeX Font Info:    Overwriting symbol font `symbols' in version `normal'
(Font)                  OMS/lmsy/m/n --> OMS/mdugm/m/n on input line 123.
LaTeX Font Info:    Overwriting symbol font `largesymbols' in version `normal'
(Font)                  OMX/lmex/m/n --> OMX/mdugm/m/n on input line 124.
LaTeX Font Info:    Overwriting symbol font `operators' in version `bold'
(Font)                  OT1/lmr/bx/n --> OT1/mdugm/b/n on input line 126.
LaTeX Font Info:    Overwriting symbol font `letters' in version `bold'
(Font)                  OML/lmm/b/it --> OML/mdugm/b/it on input line 127.
LaTeX Font Info:    Overwriting symbol font `symbols' in version `bold'
(Font)                  OMS/lmsy/b/n --> OMS/mdugm/b/n on input line 128.
LaTeX Font Info:    Overwriting symbol font `largesymbols' in version `bold'
(Font)                  OMX/lmex/m/n --> OMX/mdugm/b/n on input line 129.
LaTeX Font Info:    Overwriting math alphabet `\mathrm' in version `normal'
(Font)                  OT1/mdugm/m/n --> T1/mdugm/m/n on input line 131.
LaTeX Font Info:    Overwriting math alphabet `\mathbf' in version `normal'
(Font)                  OT1/lmr/bx/n --> T1/mdugm/b/n on input line 132.
LaTeX Font Info:    Overwriting math alphabet `\mathit' in version `normal'
(Font)                  OT1/lmr/m/it --> T1/mdugm/m/it on input line 133.
LaTeX Font Info:    Overwriting math alphabet `\mathsf' in version `normal'
(Font)                  OT1/lmss/m/n --> T1/lmss/m/n on input line 134.
LaTeX Font Info:    Overwriting math alphabet `\mathtt' in version `normal'
(Font)                  OT1/lmtt/m/n --> T1/lmtt/m/n on input line 135.
LaTeX Font Info:    Overwriting math alphabet `\mathrm' in version `bold'
(Font)                  OT1/mdugm/b/n --> T1/mdugm/b/n on input line 137.
LaTeX Font Info:    Overwriting math alphabet `\mathbf' in version `bold'
(Font)                  OT1/lmr/bx/n --> T1/mdugm/b/n on input line 138.
LaTeX Font Info:    Overwriting math alphabet `\mathit' in version `bold'
(Font)                  OT1/lmr/bx/it --> T1/mdugm/b/it on input line 139.
LaTeX Font Info:    Overwriting math alphabet `\mathsf' in version `bold'
(Font)                  OT1/lmss/bx/n --> T1/lmss/b/n on input line 140.
LaTeX Font Info:    Overwriting math alphabet `\mathtt' in version `bold'
(Font)                  OT1/lmtt/m/n --> T1/lmtt/b/n on input line 141.
\symlettersupright=\mathgroup7
LaTeX Font Info:    Overwriting symbol font `lettersupright' in version `bold'
(Font)                  OML/mdugm/m/n --> OML/mdugm/b/n on input line 144.
LaTeX Font Info:    Redeclaring math alphabet \mathrm on input line 145.
LaTeX Font Info:    Overwriting math alphabet `\mathcal' in version `normal'
(Font)                  OMS/mdugm/m/n --> OMS/mdugm/m/n on input line 167.

(/usr/local/texlive/2024/texmf-dist/tex/latex/xkeyval/xkeyval.sty
Package: xkeyval 2022/06/16 v2.9 package option processing (HA)

(/usr/local/texlive/2024/texmf-dist/tex/generic/xkeyval/xkeyval.tex
(/usr/local/texlive/2024/texmf-dist/tex/generic/xkeyval/xkvutils.tex
\XKV@toks=\toks25
\XKV@tempa@toks=\toks26
)
\XKV@depth=\count277
File: xkeyval.tex 2014/12/03 v2.7a key=value parser (HA)
))
LaTeX Font Info:    Trying to load font information for T1+mdugm on input line 
186.

(/usr/local/texlive/2024/texmf-dist/tex/latex/mathdesign/mdugm/t1mdugm.fd
File: t1mdugm.fd 2013/08/29 Fontinst v1.933 font definitions for T1/mdugm.
)
LaTeX Font Info:    Redeclaring math accent \widetilde on input line 449.
LaTeX Font Info:    Redeclaring math accent \widehat on input line 450.
Now handling font encoding MDA ...
... no UTF-8 mapping file for font encoding MDA
\symmathdesignA=\mathgroup8
LaTeX Font Info:    Overwriting symbol font `mathdesignA' in version `bold'
(Font)                  MDA/mdugm/m/n --> MDA/mdugm/b/n on input line 491.
Now handling font encoding MDB ...
... no UTF-8 mapping file for font encoding MDB
\symmathdesignB=\mathgroup9
LaTeX Font Info:    Overwriting symbol font `mathdesignB' in version `bold'
(Font)                  MDB/mdugm/m/n --> MDB/mdugm/b/n on input line 498.
LaTeX Font Info:    Redeclaring math accent \widetilde on input line 532.
LaTeX Font Info:    Redeclaring math accent \widehat on input line 533.
\rulethickness=\skip53
)
(/usr/local/texlive/2024/texmf-dist/tex/latex/base/fontenc.sty
Package: fontenc 2021/04/29 v2.0v Standard LaTeX package
))
(./format_libro.tex
(/usr/local/texlive/2024/texmf-dist/tex/latex/geometry/geometry.sty
Package: geometry 2020/01/02 v5.9 Page Geometry

(/usr/local/texlive/2024/texmf-dist/tex/generic/iftex/ifvtex.sty
Package: ifvtex 2019/10/25 v1.7 ifvtex legacy package. Use iftex instead.

(/usr/local/texlive/2024/texmf-dist/tex/generic/iftex/iftex.sty
Package: iftex 2022/02/03 v1.0f TeX engine tests
))
\Gm@cnth=\count278
\Gm@cntv=\count279
\c@Gm@tempcnt=\count280
\Gm@bindingoffset=\dimen153
\Gm@wd@mp=\dimen154
\Gm@odd@mp=\dimen155
\Gm@even@mp=\dimen156
\Gm@layoutwidth=\dimen157
\Gm@layoutheight=\dimen158
\Gm@layouthoffset=\dimen159
\Gm@layoutvoffset=\dimen160
\Gm@dimlist=\toks27
))
(/usr/local/texlive/2024/texmf-dist/tex/latex/l3backend/l3backend-dvips.def
File: l3backend-dvips.def 2024-02-20 L3 backend support: dvips
\l__pdf_internal_box=\box53
\g__pdf_backend_object_int=\count281
\l__pdf_backend_content_box=\box54
\l__pdf_backend_model_box=\box55
\g__pdf_backend_annotation_int=\count282
\g__pdf_backend_link_int=\count283
\g__pdf_backend_link_sf_int=\count284
)
No file book_methods_gar.aux.
\openout1 = `book_methods_gar.aux'.

LaTeX Font Info:    Checking defaults for OML/cmm/m/it on input line 54.
LaTeX Font Info:    ... okay on input line 54.
LaTeX Font Info:    Checking defaults for OMS/cmsy/m/n on input line 54.
LaTeX Font Info:    ... okay on input line 54.
LaTeX Font Info:    Checking defaults for OT1/cmr/m/n on input line 54.
LaTeX Font Info:    ... okay on input line 54.
LaTeX Font Info:    Checking defaults for T1/cmr/m/n on input line 54.
LaTeX Font Info:    ... okay on input line 54.
LaTeX Font Info:    Checking defaults for TS1/cmr/m/n on input line 54.
LaTeX Font Info:    ... okay on input line 54.
LaTeX Font Info:    Checking defaults for OMX/cmex/m/n on input line 54.
LaTeX Font Info:    ... okay on input line 54.
LaTeX Font Info:    Checking defaults for U/cmr/m/n on input line 54.
LaTeX Font Info:    ... okay on input line 54.
LaTeX Font Info:    Checking defaults for MDA/cmr/m/n on input line 54.
LaTeX Font Info:    Trying to load font information for MDA+cmr on input line 5
4.
(/usr/local/texlive/2024/texmf-dist/tex/latex/mathdesign/mdacmr.fd
File: mdacmr.fd 
)
LaTeX Font Info:    ... okay on input line 54.
LaTeX Font Info:    Checking defaults for MDB/cmr/m/n on input line 54.
LaTeX Font Info:    Trying to load font information for MDB+cmr on input line 5
4.

(/usr/local/texlive/2024/texmf-dist/tex/latex/mathdesign/mdbcmr.fd
File: mdbcmr.fd 
)
LaTeX Font Info:    ... okay on input line 54.

*geometry* driver: auto-detecting
*geometry* detected driver: dvips
*geometry* verbose mode - [ preamble ] result:
* driver: dvips
* paper: <default>
* layout: <same size as paper>
* layoutoffset:(h,v)=(0.0pt,0.0pt)
* modes: twoside 
* h-part:(L,W,R)=(99.58466pt, 341.43306pt, 42.67912pt)
* v-part:(T,H,B)=(56.9055pt, 540.60236pt, 128.03741pt)
* \paperwidth=483.69684pt
* \paperheight=725.54527pt
* \textwidth=341.43306pt
* \textheight=540.60236pt
* \oddsidemargin=27.31467pt
* \evensidemargin=-29.59087pt
* \topmargin=-45.43198pt
* \headheight=12.0pt
* \headsep=18.06749pt
* \topskip=10.0pt
* \footskip=25.29494pt
* \marginparwidth=50.0pt
* \marginparsep=7.0pt
* \columnsep=10.0pt
* \skip\footins=9.0pt plus 4.0pt minus 2.0pt
* \hoffset=0.0pt
* \voffset=0.0pt
* \mag=1000
* \@twocolumnfalse
* \@twosidetrue
* \@mparswitchtrue
* \@reversemarginfalse
* (1in=72.27pt=25.4mm, 1cm=28.453pt)

\openout2 = `extdef_libro-en.aux'.

(./extdef_libro-en.tex
\c@teo=\count285
\c@cor=\count286
\c@lem=\count287
\c@pro=\count288
)
\openout2 = `Chapters/title_UNC.aux'.

 (./Chapters/title_UNC.tex [1





] [2] [3] [4]) [5]
\openout2 = `Chapters/chap0_en.aux'.


(./Chapters/chap0_en.tex [6




]
LaTeX Font Info:    Trying to load font information for OT1+mdugm on input line
 10.

(/usr/local/texlive/2024/texmf-dist/tex/latex/mathdesign/mdugm/ot1mdugm.fd
File: ot1mdugm.fd 2013/08/29 Fontinst v1.933 font definitions for OT1/mdugm.
)
LaTeX Font Info:    Trying to load font information for OML+mdugm on input line
 10.

(/usr/local/texlive/2024/texmf-dist/tex/latex/mathdesign/mdugm/omlmdugm.fd
File: omlmdugm.fd 2013/08/29 Fontinst v1.933 font definitions for OML/mdugm.
)
LaTeX Font Info:    Trying to load font information for OMS+mdugm on input line
 10.

(/usr/local/texlive/2024/texmf-dist/tex/latex/mathdesign/mdugm/omsmdugm.fd
File: omsmdugm.fd 2013/08/29 Fontinst v1.933 font definitions for OMS/mdugm.
)
LaTeX Font Info:    Trying to load font information for OMX+mdugm on input line
 10.

(/usr/local/texlive/2024/texmf-dist/tex/latex/mathdesign/mdugm/omxmdugm.fd
File: omxmdugm.fd 2013/08/29 Fontinst v1.933 font definitions for OMX/mdugm.
)
LaTeX Font Info:    Trying to load font information for U+lasy on input line 10
.

(/usr/local/texlive/2024/texmf-dist/tex/latex/base/ulasy.fd
File: ulasy.fd 1998/08/17 v2.2e LaTeX symbol font definitions
)
LaTeX Font Info:    Trying to load font information for MDA+mdugm on input line
 10.

(/usr/local/texlive/2024/texmf-dist/tex/latex/mathdesign/mdugm/mdamdugm.fd
File: mdamdugm.fd 2013/08/29 Fontinst v1.933 font definitions for MDA/mdugm.
)
LaTeX Font Info:    Trying to load font information for MDB+mdugm on input line
 10.

(/usr/local/texlive/2024/texmf-dist/tex/latex/mathdesign/mdugm/mdbmdugm.fd
File: mdbmdugm.fd 2013/08/29 Fontinst v1.933 font definitions for MDB/mdugm.
))
[7] [8



]
No file book_methods_gar.toc.
\tf@toc=\write3
\openout3 = `book_methods_gar.toc'.

[9] [10

]
No file book_methods_gar.lof.
\tf@lof=\write4
\openout4 = `book_methods_gar.lof'.

[11]
\openout2 = `Chapters/chap01_en.aux'.

 (./Chapters/chap01_en.tex [12


]
Overfull \hbox (3.59421pt too wide) in paragraph at lines 7--8
\T1/mdugm/m/n/10 sponses to the de-vel-op-ment of these ar-eas was the Cauchy-K
owalevski the-o-rem, which
 []

[13]) [14]
\openout2 = `Chapters/chap1_en.aux'.

 (./Chapters/chap1_en.tex
\hfil Chapter 1.
[15




]
Overfull \hbox (5.89946pt too wide) in paragraph at lines 32--34
[] \OT1/mdugm/m/n/10 = []$\T1/mdugm/m/n/10 . From
 []

[16] [17]
Underfull \hbox (badness 1033) in paragraph at lines 83--83
[]\T1/mdugm/m/n/9 This gen-er-al-izes the usual con-cept of a func-tion, note t
hat the map is de-fined
 []


Underfull \hbox (badness 1354) in paragraph at lines 83--83
\T1/mdugm/m/n/9 for ev-ery el-e-ment of $\OML/mdugm/m/it/9 X$\T1/mdugm/m/n/9 , 
while in gen-eral its \T1/mdugm/mb/n/9 im-age\T1/mdugm/m/n/9 , that is, the set
 $\OML/mdugm/m/it/9 ^^^\OT1/mdugm/m/n/9 (\OML/mdugm/m/it/9 X\OT1/mdugm/m/n/9 ) 
\OMS/mdugm/m/n/9 ^^Q
 []

[18] [19] [20] [21]

LaTeX Warning: Citation `Geroch' on page 22 undefined on input line 314.


LaTeX Warning: Citation `Kelley' on page 22 undefined on input line 314.


LaTeX Warning: Citation `Wald' on page 22 undefined on input line 314.


LaTeX Warning: Citation `Isham' on page 22 undefined on input line 314.


LaTeX Warning: Citation `Geroch' on page 22 undefined on input line 314.

) [22]
\openout2 = `Chapters/chap2_en.aux'.

 (./Chapters/chap2_en.tex
\hfil Chapter 2.
LaTeX Font Info:    Font shape `OT1/mdugm/b/n' in size <10> not available
(Font)              Font shape `OT1/mdugm/bx/n' tried instead on input line 9.
LaTeX Font Info:    Font shape `OT1/mdugm/bx/n' in size <10> not available
(Font)              Font shape `OT1/mdugm/mb/n' tried instead on input line 9.
LaTeX Font Info:    Font shape `OT1/mdugm/b/n' in size <7> not available
(Font)              Font shape `OT1/mdugm/bx/n' tried instead on input line 9.
LaTeX Font Info:    Font shape `OT1/mdugm/bx/n' in size <7> not available
(Font)              Font shape `OT1/mdugm/mb/n' tried instead on input line 9.
LaTeX Font Info:    Font shape `OT1/mdugm/b/n' in size <5> not available
(Font)              Font shape `OT1/mdugm/bx/n' tried instead on input line 9.
LaTeX Font Info:    Font shape `OT1/mdugm/bx/n' in size <5> not available
(Font)              Font shape `OT1/mdugm/mb/n' tried instead on input line 9.
LaTeX Font Info:    Font shape `OML/mdugm/b/it' in size <10> not available
(Font)              Font shape `OML/mdugm/bx/it' tried instead on input line 9.

LaTeX Font Info:    Font shape `OML/mdugm/bx/it' in size <10> not available
(Font)              Font shape `OML/mdugm/mb/it' tried instead on input line 9.

LaTeX Font Info:    Font shape `OML/mdugm/b/it' in size <7> not available
(Font)              Font shape `OML/mdugm/bx/it' tried instead on input line 9.

LaTeX Font Info:    Font shape `OML/mdugm/bx/it' in size <7> not available
(Font)              Font shape `OML/mdugm/mb/it' tried instead on input line 9.

LaTeX Font Info:    Font shape `OML/mdugm/b/it' in size <5> not available
(Font)              Font shape `OML/mdugm/bx/it' tried instead on input line 9.

LaTeX Font Info:    Font shape `OML/mdugm/bx/it' in size <5> not available
(Font)              Font shape `OML/mdugm/mb/it' tried instead on input line 9.

LaTeX Font Info:    Font shape `OMS/mdugm/b/n' in size <10> not available
(Font)              Font shape `OMS/mdugm/bx/n' tried instead on input line 9.
LaTeX Font Info:    Font shape `OMS/mdugm/bx/n' in size <10> not available
(Font)              Font shape `OMS/mdugm/mb/n' tried instead on input line 9.
LaTeX Font Info:    Font shape `OMS/mdugm/b/n' in size <7> not available
(Font)              Font shape `OMS/mdugm/bx/n' tried instead on input line 9.
LaTeX Font Info:    Font shape `OMS/mdugm/bx/n' in size <7> not available
(Font)              Font shape `OMS/mdugm/mb/n' tried instead on input line 9.
LaTeX Font Info:    Font shape `OMS/mdugm/b/n' in size <5> not available
(Font)              Font shape `OMS/mdugm/bx/n' tried instead on input line 9.
LaTeX Font Info:    Font shape `OMS/mdugm/bx/n' in size <5> not available
(Font)              Font shape `OMS/mdugm/mb/n' tried instead on input line 9.
LaTeX Font Info:    Font shape `OMX/mdugm/b/n' in size <10> not available
(Font)              Font shape `OMX/mdugm/bx/n' tried instead on input line 9.
LaTeX Font Info:    Font shape `OMX/mdugm/bx/n' in size <10> not available
(Font)              Font shape `OMX/mdugm/mb/n' tried instead on input line 9.
LaTeX Font Info:    Font shape `OMX/mdugm/b/n' in size <7> not available
(Font)              Font shape `OMX/mdugm/bx/n' tried instead on input line 9.
LaTeX Font Info:    Font shape `OMX/mdugm/bx/n' in size <7> not available
(Font)              Font shape `OMX/mdugm/mb/n' tried instead on input line 9.
LaTeX Font Info:    Font shape `OMX/mdugm/b/n' in size <5> not available
(Font)              Font shape `OMX/mdugm/bx/n' tried instead on input line 9.
LaTeX Font Info:    Font shape `OMX/mdugm/bx/n' in size <5> not available
(Font)              Font shape `OMX/mdugm/mb/n' tried instead on input line 9.
LaTeX Font Info:    Font shape `U/lasy/b/n' in size <7> not available
(Font)              Font shape `U/lasy/m/n' tried instead on input line 9.
LaTeX Font Info:    Font shape `U/lasy/b/n' in size <5> not available
(Font)              Font shape `U/lasy/m/n' tried instead on input line 9.
LaTeX Font Info:    Font shape `OML/mdugm/b/n' in size <10> not available
(Font)              Font shape `OML/mdugm/bx/n' tried instead on input line 9.
LaTeX Font Info:    Font shape `OML/mdugm/bx/n' in size <10> not available
(Font)              Font shape `OML/mdugm/mb/n' tried instead on input line 9.
LaTeX Font Info:    Font shape `OML/mdugm/b/n' in size <7> not available
(Font)              Font shape `OML/mdugm/bx/n' tried instead on input line 9.
LaTeX Font Info:    Font shape `OML/mdugm/bx/n' in size <7> not available
(Font)              Font shape `OML/mdugm/mb/n' tried instead on input line 9.
LaTeX Font Info:    Font shape `OML/mdugm/b/n' in size <5> not available
(Font)              Font shape `OML/mdugm/bx/n' tried instead on input line 9.
LaTeX Font Info:    Font shape `OML/mdugm/bx/n' in size <5> not available
(Font)              Font shape `OML/mdugm/mb/n' tried instead on input line 9.
LaTeX Font Info:    Font shape `MDA/mdugm/b/n' in size <10> not available
(Font)              Font shape `MDA/mdugm/bx/n' tried instead on input line 9.
LaTeX Font Info:    Font shape `MDA/mdugm/bx/n' in size <10> not available
(Font)              Font shape `MDA/mdugm/mb/n' tried instead on input line 9.
LaTeX Font Info:    Font shape `MDA/mdugm/b/n' in size <7> not available
(Font)              Font shape `MDA/mdugm/bx/n' tried instead on input line 9.
LaTeX Font Info:    Font shape `MDA/mdugm/bx/n' in size <7> not available
(Font)              Font shape `MDA/mdugm/mb/n' tried instead on input line 9.
LaTeX Font Info:    Font shape `MDA/mdugm/b/n' in size <5> not available
(Font)              Font shape `MDA/mdugm/bx/n' tried instead on input line 9.
LaTeX Font Info:    Font shape `MDA/mdugm/bx/n' in size <5> not available
(Font)              Font shape `MDA/mdugm/mb/n' tried instead on input line 9.
LaTeX Font Info:    Font shape `MDB/mdugm/b/n' in size <10> not available
(Font)              Font shape `MDB/mdugm/bx/n' tried instead on input line 9.
LaTeX Font Info:    Font shape `MDB/mdugm/bx/n' in size <10> not available
(Font)              Font shape `MDB/mdugm/mb/n' tried instead on input line 9.
LaTeX Font Info:    Font shape `MDB/mdugm/b/n' in size <7> not available
(Font)              Font shape `MDB/mdugm/bx/n' tried instead on input line 9.
LaTeX Font Info:    Font shape `MDB/mdugm/bx/n' in size <7> not available
(Font)              Font shape `MDB/mdugm/mb/n' tried instead on input line 9.
LaTeX Font Info:    Font shape `MDB/mdugm/b/n' in size <5> not available
(Font)              Font shape `MDB/mdugm/bx/n' tried instead on input line 9.
LaTeX Font Info:    Font shape `MDB/mdugm/bx/n' in size <5> not available
(Font)              Font shape `MDB/mdugm/mb/n' tried instead on input line 9.
[23




] [24] [25]
LaTeX Font Info:    Font shape `OT1/mdugm/b/n' in size <8> not available
(Font)              Font shape `OT1/mdugm/bx/n' tried instead on input line 213
.
LaTeX Font Info:    Font shape `OT1/mdugm/bx/n' in size <8> not available
(Font)              Font shape `OT1/mdugm/mb/n' tried instead on input line 213
.
LaTeX Font Info:    Font shape `OT1/mdugm/b/n' in size <6> not available
(Font)              Font shape `OT1/mdugm/bx/n' tried instead on input line 213
.
LaTeX Font Info:    Font shape `OT1/mdugm/bx/n' in size <6> not available
(Font)              Font shape `OT1/mdugm/mb/n' tried instead on input line 213
.
LaTeX Font Info:    Font shape `OML/mdugm/b/it' in size <8> not available
(Font)              Font shape `OML/mdugm/bx/it' tried instead on input line 21
3.
LaTeX Font Info:    Font shape `OML/mdugm/bx/it' in size <8> not available
(Font)              Font shape `OML/mdugm/mb/it' tried instead on input line 21
3.
LaTeX Font Info:    Font shape `OML/mdugm/b/it' in size <6> not available
(Font)              Font shape `OML/mdugm/bx/it' tried instead on input line 21
3.
LaTeX Font Info:    Font shape `OML/mdugm/bx/it' in size <6> not available
(Font)              Font shape `OML/mdugm/mb/it' tried instead on input line 21
3.
LaTeX Font Info:    Font shape `OMS/mdugm/b/n' in size <8> not available
(Font)              Font shape `OMS/mdugm/bx/n' tried instead on input line 213
.
LaTeX Font Info:    Font shape `OMS/mdugm/bx/n' in size <8> not available
(Font)              Font shape `OMS/mdugm/mb/n' tried instead on input line 213
.
LaTeX Font Info:    Font shape `OMS/mdugm/b/n' in size <6> not available
(Font)              Font shape `OMS/mdugm/bx/n' tried instead on input line 213
.
LaTeX Font Info:    Font shape `OMS/mdugm/bx/n' in size <6> not available
(Font)              Font shape `OMS/mdugm/mb/n' tried instead on input line 213
.
LaTeX Font Info:    Font shape `OMX/mdugm/b/n' in size <8> not available
(Font)              Font shape `OMX/mdugm/bx/n' tried instead on input line 213
.
LaTeX Font Info:    Font shape `OMX/mdugm/bx/n' in size <8> not available
(Font)              Font shape `OMX/mdugm/mb/n' tried instead on input line 213
.
LaTeX Font Info:    Font shape `OMX/mdugm/b/n' in size <6> not available
(Font)              Font shape `OMX/mdugm/bx/n' tried instead on input line 213
.
LaTeX Font Info:    Font shape `OMX/mdugm/bx/n' in size <6> not available
(Font)              Font shape `OMX/mdugm/mb/n' tried instead on input line 213
.
LaTeX Font Info:    Font shape `U/lasy/b/n' in size <8> not available
(Font)              Font shape `U/lasy/m/n' tried instead on input line 213.
LaTeX Font Info:    Font shape `U/lasy/b/n' in size <6> not available
(Font)              Font shape `U/lasy/m/n' tried instead on input line 213.
LaTeX Font Info:    Font shape `OML/mdugm/b/n' in size <8> not available
(Font)              Font shape `OML/mdugm/bx/n' tried instead on input line 213
.
LaTeX Font Info:    Font shape `OML/mdugm/bx/n' in size <8> not available
(Font)              Font shape `OML/mdugm/mb/n' tried instead on input line 213
.
LaTeX Font Info:    Font shape `OML/mdugm/b/n' in size <6> not available
(Font)              Font shape `OML/mdugm/bx/n' tried instead on input line 213
.
LaTeX Font Info:    Font shape `OML/mdugm/bx/n' in size <6> not available
(Font)              Font shape `OML/mdugm/mb/n' tried instead on input line 213
.
LaTeX Font Info:    Font shape `MDA/mdugm/b/n' in size <8> not available
(Font)              Font shape `MDA/mdugm/bx/n' tried instead on input line 213
.
LaTeX Font Info:    Font shape `MDA/mdugm/bx/n' in size <8> not available
(Font)              Font shape `MDA/mdugm/mb/n' tried instead on input line 213
.
LaTeX Font Info:    Font shape `MDA/mdugm/b/n' in size <6> not available
(Font)              Font shape `MDA/mdugm/bx/n' tried instead on input line 213
.
LaTeX Font Info:    Font shape `MDA/mdugm/bx/n' in size <6> not available
(Font)              Font shape `MDA/mdugm/mb/n' tried instead on input line 213
.
LaTeX Font Info:    Font shape `MDB/mdugm/b/n' in size <8> not available
(Font)              Font shape `MDB/mdugm/bx/n' tried instead on input line 213
.
LaTeX Font Info:    Font shape `MDB/mdugm/bx/n' in size <8> not available
(Font)              Font shape `MDB/mdugm/mb/n' tried instead on input line 213
.
LaTeX Font Info:    Font shape `MDB/mdugm/b/n' in size <6> not available
(Font)              Font shape `MDB/mdugm/bx/n' tried instead on input line 213
.
LaTeX Font Info:    Font shape `MDB/mdugm/bx/n' in size <6> not available
(Font)              Font shape `MDB/mdugm/mb/n' tried instead on input line 213
.


Package amsmath Warning: Foreign command \atopwithdelims;
(amsmath)                \frac or \genfrac should be used instead
(amsmath)                 on input line 242.

[26] [27] [28] [29] (./Figure/m2_1.pstex_t
File: Figure/m2_1.pstex Graphic file (type eps)
 <Figure/m2_1.pstex>
LaTeX Font Info:    Font shape `OT1/mdugm/b/n' in size <12> not available
(Font)              Font shape `OT1/mdugm/bx/n' tried instead on input line 14.

LaTeX Font Info:    Font shape `OT1/mdugm/bx/n' in size <12> not available
(Font)              Font shape `OT1/mdugm/mb/n' tried instead on input line 14.

LaTeX Font Info:    Font shape `OML/mdugm/b/it' in size <12> not available
(Font)              Font shape `OML/mdugm/bx/it' tried instead on input line 14
.
LaTeX Font Info:    Font shape `OML/mdugm/bx/it' in size <12> not available
(Font)              Font shape `OML/mdugm/mb/it' tried instead on input line 14
.
LaTeX Font Info:    Font shape `OMS/mdugm/b/n' in size <12> not available
(Font)              Font shape `OMS/mdugm/bx/n' tried instead on input line 14.

LaTeX Font Info:    Font shape `OMS/mdugm/bx/n' in size <12> not available
(Font)              Font shape `OMS/mdugm/mb/n' tried instead on input line 14.

LaTeX Font Info:    Font shape `OMX/mdugm/b/n' in size <12> not available
(Font)              Font shape `OMX/mdugm/bx/n' tried instead on input line 14.

LaTeX Font Info:    Font shape `OMX/mdugm/bx/n' in size <12> not available
(Font)              Font shape `OMX/mdugm/mb/n' tried instead on input line 14.

LaTeX Font Info:    Font shape `OML/mdugm/b/n' in size <12> not available
(Font)              Font shape `OML/mdugm/bx/n' tried instead on input line 14.

LaTeX Font Info:    Font shape `OML/mdugm/bx/n' in size <12> not available
(Font)              Font shape `OML/mdugm/mb/n' tried instead on input line 14.

LaTeX Font Info:    Font shape `MDA/mdugm/b/n' in size <12> not available
(Font)              Font shape `MDA/mdugm/bx/n' tried instead on input line 14.

LaTeX Font Info:    Font shape `MDA/mdugm/bx/n' in size <12> not available
(Font)              Font shape `MDA/mdugm/mb/n' tried instead on input line 14.

LaTeX Font Info:    Font shape `MDB/mdugm/b/n' in size <12> not available
(Font)              Font shape `MDB/mdugm/bx/n' tried instead on input line 14.

LaTeX Font Info:    Font shape `MDB/mdugm/bx/n' in size <12> not available
(Font)              Font shape `MDB/mdugm/mb/n' tried instead on input line 14.

) [30]
Overfull \hbox (1.92075pt too wide) in paragraph at lines 386--387
$[]$\T1/mdugm/m/n/10 : Prove that $\OMS/mdugm/m/n/10 j[]\OT1/mdugm/m/n/10 ([]\O
ML/mdugm/m/it/10 ; []\OT1/mdugm/m/n/10 )\OMS/mdugm/m/n/10 j[] ^^T jj[]jj[]jj[]j
j[]$\T1/mdugm/m/n/10 . Hint: Con-sider the poly-no-mial: $\OML/mdugm/m/it/10 P\
OT1/mdugm/m/n/10 (\OML/mdugm/m/it/10 ^^U\OT1/mdugm/m/n/10 ) :=
 []

[31]
Overfull \hbox (10.74431pt too wide) in paragraph at lines 428--429
$\OML/mdugm/m/it/10 iv$\T1/mdugm/m/n/10 ) Since equiv-a-lent norms gen-er-ate t
he same topol-ogy, we see that in finite-dimensional
 []

[32] [33]
LaTeX Font Info:    Font shape `OT1/mdugm/b/n' in size <9> not available
(Font)              Font shape `OT1/mdugm/bx/n' tried instead on input line 528
.
LaTeX Font Info:    Font shape `OT1/mdugm/bx/n' in size <9> not available
(Font)              Font shape `OT1/mdugm/mb/n' tried instead on input line 528
.
LaTeX Font Info:    Font shape `OML/mdugm/b/it' in size <9> not available
(Font)              Font shape `OML/mdugm/bx/it' tried instead on input line 52
8.
LaTeX Font Info:    Font shape `OML/mdugm/bx/it' in size <9> not available
(Font)              Font shape `OML/mdugm/mb/it' tried instead on input line 52
8.
LaTeX Font Info:    Font shape `OMS/mdugm/b/n' in size <9> not available
(Font)              Font shape `OMS/mdugm/bx/n' tried instead on input line 528
.
LaTeX Font Info:    Font shape `OMS/mdugm/bx/n' in size <9> not available
(Font)              Font shape `OMS/mdugm/mb/n' tried instead on input line 528
.
LaTeX Font Info:    Font shape `OMX/mdugm/b/n' in size <9> not available
(Font)              Font shape `OMX/mdugm/bx/n' tried instead on input line 528
.
LaTeX Font Info:    Font shape `OMX/mdugm/bx/n' in size <9> not available
(Font)              Font shape `OMX/mdugm/mb/n' tried instead on input line 528
.
LaTeX Font Info:    Font shape `U/lasy/b/n' in size <9> not available
(Font)              Font shape `U/lasy/m/n' tried instead on input line 528.
LaTeX Font Info:    Font shape `OML/mdugm/b/n' in size <9> not available
(Font)              Font shape `OML/mdugm/bx/n' tried instead on input line 528
.
LaTeX Font Info:    Font shape `OML/mdugm/bx/n' in size <9> not available
(Font)              Font shape `OML/mdugm/mb/n' tried instead on input line 528
.
LaTeX Font Info:    Font shape `MDA/mdugm/b/n' in size <9> not available
(Font)              Font shape `MDA/mdugm/bx/n' tried instead on input line 528
.
LaTeX Font Info:    Font shape `MDA/mdugm/bx/n' in size <9> not available
(Font)              Font shape `MDA/mdugm/mb/n' tried instead on input line 528
.
LaTeX Font Info:    Font shape `MDB/mdugm/b/n' in size <9> not available
(Font)              Font shape `MDB/mdugm/bx/n' tried instead on input line 528
.
LaTeX Font Info:    Font shape `MDB/mdugm/bx/n' in size <9> not available
(Font)              Font shape `MDB/mdugm/mb/n' tried instead on input line 528
.
 [34]

LaTeX Warning: Reference `eqn:2_traza' on page 35 undefined on input line 619.

[35]

LaTeX Warning: Reference `eqn:2_av_av' on page 36 undefined on input line 676.

[36]

LaTeX Warning: Reference `Sistemas_Lineales' on page 37 undefined on input line
 704.

[37] [38]

LaTeX Warning: Reference `2_***' on page 39 undefined on input line 833.

[39] [40]

LaTeX Warning: Reference `Sistemas_Lineales' on page 41 undefined on input line
 947.


LaTeX Warning: Reference `Sistemas_Lineales' on page 41 undefined on input line
 949.


LaTeX Warning: Reference `5_teo_2' on page 41 undefined on input line 949.

[41] [42]

LaTeX Warning: Reference `2_***' on page 43 undefined on input line 1080.

[43] [44]

LaTeX Warning: Reference `Sistemas_Lineales' on page 45 undefined on input line
 1194.


LaTeX Warning: Reference `Sistemas_Lineales' on page 45 undefined on input line
 1196.


LaTeX Warning: Reference `5_teo_2' on page 45 undefined on input line 1196.

[45] [46] [47] [48] [49]

LaTeX Warning: Reference `2.J1' on page 50 undefined on input line 1604.

[50] [51] [52] (./Figure/m2_2.pstex_t
File: Figure/m2_2.pstex Graphic file (type eps)
 <Figure/m2_2.pstex>)
Underfull \vbox (badness 5161) has occurred while \output is active []

 [53]
[54] (./Figure/m2_3.pstex_t
File: Figure/m2_3.pstex Graphic file (type eps)
 <Figure/m2_3.pstex>) [55]

LaTeX Warning: Reference `ecuaciones_elipticas' on page 56 undefined on input l
ine 1980.

[56] (./Figure/m2_2.pstex_t
File: Figure/m2_2.pstex Graphic file (type eps)
 <Figure/m2_2.pstex>) [57] [58]
(./Figure/m2_3.pstex_t
File: Figure/m2_3.pstex Graphic file (type eps)
 <Figure/m2_3.pstex>) [59]

LaTeX Warning: Reference `ecuaciones_elipticas' on page 60 undefined on input l
ine 2272.

[60] (./Figure/m2_4.pstex_t
File: Figure/m2_4.pstex Graphic file (type eps)
 <Figure/m2_4.pstex>)
Underfull \vbox (badness 1168) has occurred while \output is active []

 [61]
[62]
Underfull \vbox (badness 10000) has occurred while \output is active []

 [63]
Underfull \vbox (badness 10000) has occurred while \output is active []

 [64]
[65]

LaTeX Warning: Citation `Geroch' on page 66 undefined on input line 2725.


LaTeX Warning: Citation `Arnold' on page 66 undefined on input line 2725.


LaTeX Warning: Citation `Lefschetz' on page 66 undefined on input line 2725.


LaTeX Warning: Citation `TaylorI' on page 66 undefined on input line 2725.


LaTeX Warning: Citation `Lang_LA' on page 66 undefined on input line 2725.


LaTeX Warning: Citation `Lax' on page 66 undefined on input line 2725.

) [66]
\openout2 = `Chapters/chap3_en.aux'.

 (./Chapters/chap3_en.tex
\hfil Chapter 3.
(./Figure/m3_1_b.pstex_t
File: Figure/m3_1_b.pstex Graphic file (type eps)
 <Figure/m3_1_b.pstex>) [67




]
Overfull \hbox (5.68634pt too wide) in paragraph at lines 51--52
\T1/mdugm/m/n/10 We now give a se-ries of def-i-ni-tions to fi-nally ar-rive at
 the def-i-ni-tion of an $\OML/mdugm/m/it/10 n$\T1/mdugm/m/n/10 -dimensional
 []

(./Figure/m3_2.pstex_t
File: Figure/m3_2.pstex Graphic file (type eps)
 <Figure/m3_2.pstex>) [68]

LaTeX Warning: Reference `it1' on page 69 undefined on input line 76.

(./Figure/m3_3.pstex_t
File: Figure/m3_3.pstex Graphic file (type eps)
 <Figure/m3_3.pstex>)

LaTeX Warning: Reference `it2' on page 69 undefined on input line 90.


LaTeX Warning: Reference `it3' on page 69 undefined on input line 92.


LaTeX Warning: Reference `it3' on page 69 undefined on input line 95.

[69] [70] (./Figure/m3_4.pstex_t
File: Figure/m3_4.pstex Graphic file (type eps)
 <Figure/m3_4.pstex>) (./Figure/m3_5.pstex_t
File: Figure/m3_5.pstex Graphic file (type eps)

<Figure/m3_5.pstex>) [71] (./Figure/m3_6.pstex_t
File: Figure/m3_6.pstex Graphic file (type eps)
 <Figure/m3_6.pstex>)
Underfull \vbox (badness 10000) has occurred while \output is active []

 [72]
(./Figure/m3_7.pstex_t
File: Figure/m3_7.pstex Graphic file (type eps)
 <Figure/m3_7.pstex>) [73]

LaTeX Warning: Reference `eq34' on page 74 undefined on input line 320.

[74] (./Figure/m3_8.pstex_t
File: Figure/m3_8.pstex Graphic file (type eps)
 <Figure/m3_8.pstex>) [75] [76] [77] [78] [79]
LaTeX Font Info:    Font shape `T1/mdugm/b/n' in size <10> not available
(Font)              Font shape `T1/mdugm/bx/n' tried instead on input line 689.

LaTeX Font Info:    Font shape `T1/mdugm/bx/n' in size <10> not available
(Font)              Font shape `T1/mdugm/mb/n' tried instead on input line 689.

LaTeX Font Info:    Font shape `T1/mdugm/b/n' in size <7> not available
(Font)              Font shape `T1/mdugm/bx/n' tried instead on input line 689.

LaTeX Font Info:    Font shape `T1/mdugm/bx/n' in size <7> not available
(Font)              Font shape `T1/mdugm/mb/n' tried instead on input line 689.

LaTeX Font Info:    Font shape `T1/mdugm/b/n' in size <5> not available
(Font)              Font shape `T1/mdugm/bx/n' tried instead on input line 689.

LaTeX Font Info:    Font shape `T1/mdugm/bx/n' in size <5> not available
(Font)              Font shape `T1/mdugm/mb/n' tried instead on input line 689.

LaTeX Font Info:    Font shape `T1/mdugm/b/n' in size <8> not available
(Font)              Font shape `T1/mdugm/bx/n' tried instead on input line 699.

LaTeX Font Info:    Font shape `T1/mdugm/bx/n' in size <8> not available
(Font)              Font shape `T1/mdugm/mb/n' tried instead on input line 699.

LaTeX Font Info:    Font shape `T1/mdugm/b/n' in size <6> not available
(Font)              Font shape `T1/mdugm/bx/n' tried instead on input line 699.

LaTeX Font Info:    Font shape `T1/mdugm/bx/n' in size <6> not available
(Font)              Font shape `T1/mdugm/mb/n' tried instead on input line 699.


[80] [81] [82] [83] [84] [85] [86] [87] [88] [89]

LaTeX Warning: Reference `eq:christ' on page 90 undefined on input line 1263.

[90]
LaTeX Font Info:    Font shape `T1/mdugm/b/n' in size <9> not available
(Font)              Font shape `T1/mdugm/bx/n' tried instead on input line 1313
.
LaTeX Font Info:    Font shape `T1/mdugm/bx/n' in size <9> not available
(Font)              Font shape `T1/mdugm/mb/n' tried instead on input line 1313
.


LaTeX Warning: Citation `Wald' on page 91 undefined on input line 1316.


LaTeX Warning: Citation `Isham' on page 91 undefined on input line 1316.

[91]) [92]
\openout2 = `Chapters/chap4_en.aux'.

 (./Chapters/chap4_en.tex
\hfil Chapter 4.

Underfull \vbox (badness 2393) has occurred while \output is active []

 [93




]

LaTeX Warning: Reference `eq:4.5' on page 94 undefined on input line 84.


LaTeX Warning: Reference `fig:4_1' on page 94 undefined on input line 89.

(./Figure/m4_1.pstex_t
File: Figure/m4_1.pstex Graphic file (type eps)
 <Figure/m4_1.pstex>)

LaTeX Warning: Reference `fig:4_1' on page 94 undefined on input line 110.

[94]

LaTeX Warning: Reference `eq:4.5' on page 95 undefined on input line 174.


LaTeX Warning: Reference `eq:4.5' on page 95 undefined on input line 178.


LaTeX Warning: Reference `eq:4.5' on page 95 undefined on input line 183.

[95]

LaTeX Warning: Reference `eq:4.3' on page 96 undefined on input line 209.


LaTeX Warning: Reference `eq:4.5' on page 96 undefined on input line 238.

[96] (./Figure/m4_2_b.pstex_t
File: Figure/m4_2_b.pstex Graphic file (type eps)
 <Figure/m4_2_b.pstex>
LaTeX Font Info:    Font shape `T1/mdugm/b/n' in size <12> not available
(Font)              Font shape `T1/mdugm/bx/n' tried instead on input line 14.
LaTeX Font Info:    Font shape `T1/mdugm/bx/n' in size <12> not available
(Font)              Font shape `T1/mdugm/mb/n' tried instead on input line 14.
)

LaTeX Warning: Reference `lem' on page 97 undefined on input line 277.

(./Figure/m4_2.pstex_t
File: Figure/m4_2.pstex Graphic file (type eps)
 <Figure/m4_2.pstex>)

LaTeX Warning: Reference `eq:4.5' on page 97 undefined on input line 313.

[97]

LaTeX Warning: Reference `teo:2' on page 98 undefined on input line 338.


LaTeX Warning: Reference `teo:2' on page 98 undefined on input line 346.


LaTeX Warning: Reference `eq:4.4' on page 98 undefined on input line 347.


LaTeX Warning: Reference `teo:2' on page 98 undefined on input line 357.


LaTeX Warning: Reference `eq:4.8' on page 98 undefined on input line 357.

[98]

LaTeX Warning: Reference `eq:4.8' on page 99 undefined on input line 370.


LaTeX Warning: Reference `eq:4.9' on page 99 undefined on input line 379.


LaTeX Warning: Reference `eq:4.8' on page 99 undefined on input line 379.

(./Figure/m4_3.pstex_t
File: Figure/m4_3.pstex Graphic file (type eps)
 <Figure/m4_3.pstex>)

LaTeX Warning: Reference `eq:4.8' on page 99 undefined on input line 402.


LaTeX Warning: Reference `eq:4.9' on page 99 undefined on input line 402.


LaTeX Warning: Reference `eq:4.8' on page 99 undefined on input line 410.


LaTeX Warning: Reference `eq:4.9' on page 99 undefined on input line 410.


LaTeX Warning: Reference `eq:4.9' on page 99 undefined on input line 410.

[99]

LaTeX Warning: Reference `eq:4.9' on page 100 undefined on input line 419.


LaTeX Warning: Reference `teo:2' on page 100 undefined on input line 430.


LaTeX Warning: Reference `eq:4.5' on page 100 undefined on input line 435.


LaTeX Warning: Reference `teo:2' on page 100 undefined on input line 453.

[100] (./Figure/m4_4.pstex_t
File: Figure/m4_4.pstex Graphic file (type eps)
 <Figure/m4_4.pstex>
LaTeX Font Info:    Calculating math sizes for size <14> on input line 14.
LaTeX Font Info:    Font shape `T1/mdugm/b/n' in size <14> not available
(Font)              Font shape `T1/mdugm/bx/n' tried instead on input line 14.
LaTeX Font Info:    Font shape `T1/mdugm/bx/n' in size <14> not available
(Font)              Font shape `T1/mdugm/mb/n' tried instead on input line 14.
LaTeX Font Info:    Font shape `T1/mdugm/b/n' in size <9.79996> not available
(Font)              Font shape `T1/mdugm/bx/n' tried instead on input line 14.
LaTeX Font Info:    Font shape `T1/mdugm/bx/n' in size <9.79996> not available
(Font)              Font shape `T1/mdugm/mb/n' tried instead on input line 14.
) (./Figure/m4_5.pstex_t
File: Figure/m4_5.pstex Graphic file (type eps)

<Figure/m4_5.pstex>)

LaTeX Warning: Reference `cor1' on page 101 undefined on input line 493.


Overfull \hbox (18.63077pt too wide) in paragraph at lines 488--522
[]\T1/mdugm/m/n/10 Let $\OML/mdugm/m/it/10 T$ \T1/mdugm/m/n/10 be the small-est
 up-per bound of $\OMS/mdugm/m/n/10 f\OML/mdugm/m/it/10 ^^\\OMS/mdugm/m/n/10 j[
]$ \T1/mdugm/m/n/10 ex-ists and is con-tained in $\OML/mdugm/m/it/10 U[] forall
 t[] \OMS/mdugm/m/n/10 ^^T
 []

[101]

LaTeX Warning: Reference `eq:4.5' on page 102 undefined on input line 525.


LaTeX Warning: Reference `teo:2' on page 102 undefined on input line 556.


LaTeX Warning: Reference `teo:2' on page 102 undefined on input line 560.

[102]

LaTeX Warning: Reference `eq:4.1' on page 103 undefined on input line 579.


LaTeX Warning: Reference `eq:4.1' on page 103 undefined on input line 586.


LaTeX Warning: Reference `eq:4.1' on page 103 undefined on input line 587.


LaTeX Warning: Reference `eq:4.2' on page 103 undefined on input line 605.


LaTeX Warning: Reference `eq:4.2' on page 103 undefined on input line 611.


LaTeX Warning: Reference `eq:4.2' on page 103 undefined on input line 620.


LaTeX Warning: Reference `eq:4.2' on page 103 undefined on input line 626.

[103]

LaTeX Warning: Reference `eq:4.2' on page 104 undefined on input line 638.


LaTeX Warning: Reference `eq:4.3' on page 104 undefined on input line 651.


LaTeX Warning: Reference `eq:4.2' on page 104 undefined on input line 676.


LaTeX Warning: Reference `eq:4.2' on page 104 undefined on input line 680.


LaTeX Warning: Reference `eq:4.4' on page 104 undefined on input line 681.


LaTeX Warning: Reference `eq:4.2' on page 104 undefined on input line 686.


LaTeX Warning: Reference `eq:4.4' on page 104 undefined on input line 689.


LaTeX Warning: Reference `eq:4.4' on page 104 undefined on input line 693.


LaTeX Warning: Reference `eq:4.2' on page 104 undefined on input line 694.


LaTeX Warning: Reference `eq:4.4' on page 104 undefined on input line 702.

[104]

LaTeX Warning: Reference `eq:4.4' on page 105 undefined on input line 721.


LaTeX Warning: Reference `eq:4.4' on page 105 undefined on input line 732.

(./Figure/m4_6.pstex_t
File: Figure/m4_6.pstex Graphic file (type eps)
 <Figure/m4_6.pstex>) [105] (./Figure/m4_7.pstex_t
File: Figure/m4_7.pstex Graphic file (type eps)

<Figure/m4_7.pstex>)

LaTeX Warning: Reference `fig:4_7' on page 106 undefined on input line 809.


LaTeX Warning: Reference `cor:4_2' on page 106 undefined on input line 820.

[106] [107] [108] [109]

LaTeX Warning: Reference `eq*' on page 110 undefined on input line 986.

[110]
LaTeX Font Info:    Trying to load font information for TS1+mdugm on input line
 1055.

(/usr/local/texlive/2024/texmf-dist/tex/latex/mathdesign/mdugm/ts1mdugm.fd
File: ts1mdugm.fd 2013/08/29 Fontinst v1.933 font definitions for TS1/mdugm.
)
[111] [112] [113]

LaTeX Warning: Citation `Arnold' on page 114 undefined on input line 1309.


LaTeX Warning: Citation `Braum' on page 114 undefined on input line 1309.


LaTeX Warning: Citation `Roxin' on page 114 undefined on input line 1309.

) [114]
\openout2 = `Chapters/chap5_en.aux'.

 (./Chapters/chap5_en.tex
\hfil Chapter 5.

LaTeX Warning: Reference `eqn:5.1' on page 115 undefined on input line 40.


LaTeX Warning: Reference `eqn:5.1' on page 115 undefined on input line 42.


LaTeX Warning: Reference `eqn:5.1' on page 115 undefined on input line 42.

[115




]

LaTeX Warning: Reference `eqn:5.1' on page 116 undefined on input line 51.


LaTeX Warning: Reference `eqn:5.1' on page 116 undefined on input line 59.


LaTeX Warning: Reference `eqn:5.1' on page 116 undefined on input line 63.


LaTeX Warning: Reference `eqn:5.1' on page 116 undefined on input line 63.

[116]

LaTeX Warning: Reference `5.2' on page 117 undefined on input line 111.


LaTeX Warning: Reference `5.3' on page 117 undefined on input line 134.


LaTeX Warning: Reference `5.3' on page 117 undefined on input line 139.

[117]

LaTeX Warning: Reference `5.4' on page 118 undefined on input line 146.


LaTeX Warning: Reference `5.3' on page 118 undefined on input line 147.


LaTeX Warning: Reference `5.3' on page 118 undefined on input line 183.


LaTeX Warning: Reference `5.6' on page 118 undefined on input line 184.


LaTeX Warning: Reference `5.3' on page 118 undefined on input line 184.


LaTeX Warning: Reference `5.7' on page 118 undefined on input line 201.


LaTeX Warning: Reference `5.7' on page 118 undefined on input line 206.


LaTeX Warning: Reference `5.7' on page 118 undefined on input line 209.


LaTeX Warning: Reference `5.7' on page 118 undefined on input line 210.


LaTeX Warning: Reference `5.7' on page 118 undefined on input line 213.


LaTeX Warning: Reference `Homogeneous_Linear_System' on page 118 undefined on i
nput line 217.

[118]

LaTeX Warning: Reference `2_lem_Schur' on page 119 undefined on input line 235.



LaTeX Warning: Reference `5.6' on page 119 undefined on input line 259.


LaTeX Warning: Reference `5.6' on page 119 undefined on input line 276.

[119] [120]

LaTeX Warning: Reference `5.7' on page 121 undefined on input line 365.


LaTeX Warning: Reference `eq:5_sol_gen' on page 121 undefined on input line 384
.


LaTeX Warning: Reference `5.7' on page 121 undefined on input line 388.


LaTeX Warning: Reference `5.7' on page 121 undefined on input line 390.


LaTeX Warning: Reference `5.7' on page 121 undefined on input line 409.


LaTeX Warning: Reference `eq:5_sol_gen' on page 121 undefined on input line 410
.


LaTeX Warning: Reference `5.7' on page 121 undefined on input line 416.


Overfull \vbox (1.03014pt too high) has occurred while \output is active []


[121]

LaTeX Warning: Reference `5.7' on page 122 undefined on input line 461.

[122]

LaTeX Warning: Reference `5.7' on page 123 undefined on input line 527.


LaTeX Warning: Reference `5.8' on page 123 undefined on input line 543.

[123]
Overfull \hbox (52.75157pt too wide) in paragraph at lines 607--615
\OT1/mdugm/m/n/10 (\OML/mdugm/m/it/10 f[]\OT1/mdugm/m/n/10 (\OML/mdugm/m/it/10 
t\OT1/mdugm/m/n/10 )\OML/mdugm/m/it/10 ; f[]\OT1/mdugm/m/n/10 (\OML/mdugm/m/it/
10 t\OT1/mdugm/m/n/10 )\OML/mdugm/m/it/10 ; [] f[]\OT1/mdugm/m/n/10 )$ \T1/mdug
m/m/it/10 and the Wron-skian of the sys-tem as $\OML/mdugm/m/it/10 W\OT1/mdugm/
m/n/10 (\OMS/mdugm/m/n/10 f\OML/mdugm/m/it/10 f[]\OMS/mdugm/m/n/10 g\OT1/mdugm/
m/n/10 )(\OML/mdugm/m/it/10 t\OT1/mdugm/m/n/10 ) := []([][](\OML/mdugm/m/it/10 
t\OT1/mdugm/m/n/10 )\OML/mdugm/m/it/10 ; [][]\OT1/mdugm/m/n/10 (\OML/mdugm/m/it
/10 t\OT1/mdugm/m/n/10 )\OML/mdugm/m/it/10 ; [] ; [][]\OT1/mdugm/m/n/10 (\OML/m
dugm/m/it/10 t\OT1/mdugm/m/n/10 ))$\T1/mdugm/m/it/10 .
 []

[124] [125]) [126]
\openout2 = `Chapters/chap6_en.aux'.

 (./Chapters/chap6_en.tex
\hfil Chapter 6.

LaTeX Warning: Reference `fig:6_1' on page 127 undefined on input line 19.

(./Figure/m6_1.pstex_t
File: Figure/m6_1.pstex Graphic file (type eps)
 <Figure/m6_1.pstex>) [127




] [128] (./Figure/m6_2.pstex_t
File: Figure/m6_2.pstex Graphic file (type eps)

<Figure/m6_2.pstex>) [129] (./Figure/m6_3.pstex_t
File: Figure/m6_3.pstex Graphic file (type eps)
 <Figure/m6_3.pstex>) [130]
[131] [132] [133] [134]

LaTeX Warning: Reference `Ordinary_Differential_Equations' on page 135 undefine
d on input line 432.

) [135]
\openout2 = `Chapters/chap7_en.aux'.

 (./Chapters/chap7_en.tex [136




]
\hfil Chapter 7.

Overfull \hbox (16.5739pt too wide) in paragraph at lines 39--44
[]\T1/mdugm/m/n/10 The set of vec-tors $\OML/mdugm/m/it/10 u[] \OT1/mdugm/m/n/1
0 = \OML/mdugm/m/it/10 x[] ;  n \OMS/mdugm/m/n/10 2 []$\T1/mdugm/m/n/10 , is li
n-early in-de-pen-dent and in-fi-nite $\OT1/mdugm/m/n/10 ([][] \OML/mdugm/m/it/
10 c[] u[] \OT1/mdugm/m/n/10 =
 []

[137] [138] [139] [140] (./Figure/m7_1.pstex_t
File: Figure/m7_1.pstex Graphic file (type eps)
 <Figure/m7_1.pstex>) [141]
Overfull \hbox (16.5739pt too wide) in paragraph at lines 317--322
[]\T1/mdugm/m/n/10 The set of vec-tors $\OML/mdugm/m/it/10 u[] \OT1/mdugm/m/n/1
0 = \OML/mdugm/m/it/10 x[] ;  n \OMS/mdugm/m/n/10 2 []$\T1/mdugm/m/n/10 , is li
n-early in-de-pen-dent and in-fi-nite $\OT1/mdugm/m/n/10 ([][] \OML/mdugm/m/it/
10 c[] u[] \OT1/mdugm/m/n/10 =
 []

[142] [143] [144] (./Figure/m7_1.pstex_t
File: Figure/m7_1.pstex Graphic file (type eps)
 <Figure/m7_1.pstex>) [145]

LaTeX Warning: Reference `Teorema_del_mapa_contractivo' on page 146 undefined o
n input line 583.


LaTeX Warning: Reference `7**' on page 146 undefined on input line 594.


LaTeX Warning: Reference `7**' on page 146 undefined on input line 595.


LaTeX Warning: Reference `7*' on page 146 undefined on input line 596.

) [146]
\openout2 = `Chapters/bib.aux'.

 (./Chapters/bib.tex [147




]) [148] (./book_methods_gar.aux
(./extdef_libro-en.aux) (./Chapters/title_UNC.aux) (./Chapters/chap0_en.aux)
(./Chapters/chap01_en.aux) (./Chapters/chap1_en.aux) (./Chapters/chap2_en.aux)
(./Chapters/chap3_en.aux) (./Chapters/chap4_en.aux) (./Chapters/chap5_en.aux)
(./Chapters/chap6_en.aux) (./Chapters/chap7_en.aux) (./Chapters/bib.aux))
 ***********
LaTeX2e <2023-11-01> patch level 1
L3 programming layer <2024-02-20>
 ***********


LaTeX Warning: There were undefined references.


LaTeX Warning: Label(s) may have changed. Rerun to get cross-references right.

 )
(\end occurred inside a group at level 1)

### simple group (level 1) entered at line 1536 ({)
### bottom level 
Here is how much of TeX's memory you used:
 6912 strings out of 474117
 115326 string characters out of 5743707
 1957184 words of memory out of 5000000
 29023 multiletter control sequences out of 15000+600000
 770780 words of font info for 188 fonts, out of 8000000 for 9000
 1141 hyphenation exceptions out of 8191
 58i,15n,79p,1624b,677s stack positions out of 10000i,1000n,20000p,200000b,200000s

Output written on book_methods_gar.dvi (148 pages, 642984 bytes).
