This is pdfTeX, Version 3.1415926-1.40.10 (TeX Live 2009) (format=pdflatex 2010.8.12)  7 AUG 2012 17:26
entering extended mode
 \write18 enabled.
 file:line:error style messages enabled.
 %&-line parsing enabled.
**libro_gar.tex
(./libro_gar.tex
LaTeX2e <2009/09/24>
Babel <v3.8l> and hyphenation patterns for english, usenglishmax, dumylang, noh
yphenation, german-x-2009-06-19, ngerman-x-2009-06-19, ancientgreek, ibycus, ar
abic, basque, bulgarian, catalan, pinyin, coptic, croatian, czech, danish, dutc
h, esperanto, estonian, farsi, finnish, french, galician, german, ngerman, mono
greek, greek, hungarian, icelandic, indonesian, interlingua, irish, italian, ku
rmanji, latin, latvian, lithuanian, mongolian, mongolian2a, bokmal, nynorsk, po
lish, portuguese, romanian, russian, sanskrit, serbian, slovak, slovenian, span
ish, swedish, turkish, ukenglish, ukrainian, uppersorbian, welsh, loaded.
(./book.cls
Document Class: book 2005/09/16 v1.4f Standard LaTeX document class
(/usr/local/texlive/2009/texmf-dist/tex/latex/base/bk11.clo
File: bk11.clo 2007/10/19 v1.4h Standard LaTeX file (size option)
)
\c@part=\count79
\c@chapter=\count80
\c@section=\count81
\c@subsection=\count82
\c@subsubsection=\count83
\c@paragraph=\count84
\c@subparagraph=\count85
\c@figure=\count86
\c@table=\count87
\abovecaptionskip=\skip41
\belowcaptionskip=\skip42
\bibindent=\dimen102
)
(/usr/local/texlive/2009/texmf-dist/tex/latex/graphics/color.sty
Package: color 2005/11/14 v1.0j Standard LaTeX Color (DPC)

(/usr/local/texlive/2009/texmf-dist/tex/latex/latexconfig/color.cfg
File: color.cfg 2007/01/18 v1.5 color configuration of teTeX/TeXLive
)
Package color Info: Driver file: pdftex.def on input line 130.

(/usr/local/texlive/2009/texmf-dist/tex/latex/pdftex-def/pdftex.def
File: pdftex.def 2009/08/25 v0.04m Graphics/color for pdfTeX
\Gread@gobject=\count88
))
(/usr/local/texlive/2009/texmf-dist/tex/generic/babel/babel.sty
Package: babel 2008/07/06 v3.8l The Babel package

(/usr/local/texlive/2009/texmf-dist/tex/generic/babel/spanish.ldf
Language: spanish.ldf 2009/01/02 v5.0h Spanish support from the babel system

(/usr/local/texlive/2009/texmf-dist/tex/generic/babel/babel.def
File: babel.def 2008/07/06 v3.8l Babel common definitions
\babel@savecnt=\count89
\U@D=\dimen103
)
\es@datefmt=\count90
\es@quottoks=\toks14
\es@quotdepth=\count91
Package babel Info: Making " an active character on input line 492.
Package babel Info: Making . an active character on input line 585.
Package babel Info: Making < an active character on input line 630.
Package babel Info: Making > an active character on input line 630.
))
(/usr/local/texlive/2009/texmf-dist/tex/latex/base/latexsym.sty
Package: latexsym 1998/08/17 v2.2e Standard LaTeX package (lasy symbols)
\symlasy=\mathgroup4
LaTeX Font Info:    Overwriting symbol font `lasy' in version `bold'
(Font)                  U/lasy/m/n --> U/lasy/b/n on input line 47.
)
(/usr/local/texlive/2009/texmf-dist/tex/latex/base/inputenc.sty
Package: inputenc 2008/03/30 v1.1d Input encoding file
\inpenc@prehook=\toks15
\inpenc@posthook=\toks16

(/usr/local/texlive/2009/texmf-dist/tex/latex/base/latin1.def
File: latin1.def 2008/03/30 v1.1d Input encoding file
))
(/usr/local/texlive/2009/texmf-dist/tex/latex/base/fontenc.sty
Package: fontenc 2005/09/27 v1.99g Standard LaTeX package

(/usr/local/texlive/2009/texmf-dist/tex/latex/base/t1enc.def
File: t1enc.def 2005/09/27 v1.99g Standard LaTeX file
LaTeX Font Info:    Redeclaring font encoding T1 on input line 43.
))
(/usr/local/texlive/2009/texmf-dist/tex/latex/lm/lmodern.sty
Package: lmodern 2009/10/30 v1.6 Latin Modern Fonts
LaTeX Font Info:    Overwriting symbol font `operators' in version `normal'
(Font)                  OT1/cmr/m/n --> OT1/lmr/m/n on input line 22.
LaTeX Font Info:    Overwriting symbol font `letters' in version `normal'
(Font)                  OML/cmm/m/it --> OML/lmm/m/it on input line 23.
LaTeX Font Info:    Overwriting symbol font `symbols' in version `normal'
(Font)                  OMS/cmsy/m/n --> OMS/lmsy/m/n on input line 24.
LaTeX Font Info:    Overwriting symbol font `largesymbols' in version `normal'
(Font)                  OMX/cmex/m/n --> OMX/lmex/m/n on input line 25.
LaTeX Font Info:    Overwriting symbol font `operators' in version `bold'
(Font)                  OT1/cmr/bx/n --> OT1/lmr/bx/n on input line 26.
LaTeX Font Info:    Overwriting symbol font `letters' in version `bold'
(Font)                  OML/cmm/b/it --> OML/lmm/b/it on input line 27.
LaTeX Font Info:    Overwriting symbol font `symbols' in version `bold'
(Font)                  OMS/cmsy/b/n --> OMS/lmsy/b/n on input line 28.
LaTeX Font Info:    Overwriting symbol font `largesymbols' in version `bold'
(Font)                  OMX/cmex/m/n --> OMX/lmex/m/n on input line 29.
LaTeX Font Info:    Overwriting math alphabet `\mathbf' in version `normal'
(Font)                  OT1/cmr/bx/n --> OT1/lmr/bx/n on input line 31.
LaTeX Font Info:    Overwriting math alphabet `\mathsf' in version `normal'
(Font)                  OT1/cmss/m/n --> OT1/lmss/m/n on input line 32.
LaTeX Font Info:    Overwriting math alphabet `\mathit' in version `normal'
(Font)                  OT1/cmr/m/it --> OT1/lmr/m/it on input line 33.
LaTeX Font Info:    Overwriting math alphabet `\mathtt' in version `normal'
(Font)                  OT1/cmtt/m/n --> OT1/lmtt/m/n on input line 34.
LaTeX Font Info:    Overwriting math alphabet `\mathbf' in version `bold'
(Font)                  OT1/cmr/bx/n --> OT1/lmr/bx/n on input line 35.
LaTeX Font Info:    Overwriting math alphabet `\mathsf' in version `bold'
(Font)                  OT1/cmss/bx/n --> OT1/lmss/bx/n on input line 36.
LaTeX Font Info:    Overwriting math alphabet `\mathit' in version `bold'
(Font)                  OT1/cmr/bx/it --> OT1/lmr/bx/it on input line 37.
LaTeX Font Info:    Overwriting math alphabet `\mathtt' in version `bold'
(Font)                  OT1/cmtt/m/n --> OT1/lmtt/m/n on input line 38.
)
(/usr/local/texlive/2009/texmf-dist/tex/latex/graphics/graphicx.sty
Package: graphicx 1999/02/16 v1.0f Enhanced LaTeX Graphics (DPC,SPQR)

(/usr/local/texlive/2009/texmf-dist/tex/latex/graphics/keyval.sty
Package: keyval 1999/03/16 v1.13 key=value parser (DPC)
\KV@toks@=\toks17
)
(/usr/local/texlive/2009/texmf-dist/tex/latex/graphics/graphics.sty
Package: graphics 2009/02/05 v1.0o Standard LaTeX Graphics (DPC,SPQR)

(/usr/local/texlive/2009/texmf-dist/tex/latex/graphics/trig.sty
Package: trig 1999/03/16 v1.09 sin cos tan (DPC)
)
(/usr/local/texlive/2009/texmf-dist/tex/latex/latexconfig/graphics.cfg
File: graphics.cfg 2009/08/28 v1.8 graphics configuration of TeX Live
)
Package graphics Info: Driver file: pdftex.def on input line 91.
)
\Gin@req@height=\dimen104
\Gin@req@width=\dimen105
)
(/usr/local/texlive/2009/texmf-dist/tex/latex/mathdesign/mathdesign.sty
Package: mathdesign 2006/01/29 v1.55 Math Design Project

(/usr/local/texlive/2009/texmf-dist/tex/latex/base/ifthen.sty
Package: ifthen 2001/05/26 v1.1c Standard LaTeX ifthen package (DPC)
)
(/usr/local/texlive/2009/texmf-dist/tex/latex/mathdesign/mdugm/mdugm.cfg)
(/usr/local/texlive/2009/texmf-dist/tex/latex/mathdesign/mdugm/mdugm.sty
Package: mdugm 2006/01/29 v1.55 urw garamond + mdugm (Math Design Project)

(/usr/local/texlive/2009/texmf-dist/tex/latex/mathdesign/mdfont.def
File: mdfont.def 2006/01/29 v1.55 (Math Design Project)
)
(/usr/local/texlive/2009/texmf-dist/tex/latex/mathdesign/mdsffont.def
File: mdsffont.def 2006/01/29 v1.55 (Math Design Project)
)
(/usr/local/texlive/2009/texmf-dist/tex/latex/mathdesign/mdttfont.def
File: mdttfont.def 2006/01/29 v1.55 (Math Design Project)
)
\symmdcal=\mathgroup5
LaTeX Font Info:    Overwriting symbol font `mdcal' in version `bold'
(Font)                  OMS/mdugm/m/n --> OMS/mdugm/b/n on input line 89.
\symmdscr=\mathgroup6
LaTeX Font Info:    Overwriting symbol font `mdscr' in version `bold'
(Font)                  OMS/mdugm/m/n --> OMS/mdugm/b/n on input line 95.
LaTeX Font Info:    Overwriting math alphabet `\mathfrak' in version `bold'
(Font)                  U/xmdeuf/m/n --> U/xmdeuf/b/n on input line 102.
LaTeX Font Info:    Try loading font information for T1+mdugm on input line 111
.

(/usr/local/texlive/2009/texmf-dist/tex/latex/mathdesign/mdugm/t1mdugm.fd
File: t1mdugm.fd 2006/01/29 Fontinst v1.928 font definitions for T1/mdugm.
)
LaTeX Font Info:    Overwriting symbol font `operators' in version `normal'
(Font)                  OT1/lmr/m/n --> OT1/mdugm/m/n on input line 114.
LaTeX Font Info:    Overwriting symbol font `letters' in version `normal'
(Font)                  OML/lmm/m/it --> OML/mdugm/m/it on input line 115.
LaTeX Font Info:    Overwriting symbol font `symbols' in version `normal'
(Font)                  OMS/lmsy/m/n --> OMS/mdugm/m/n on input line 116.
LaTeX Font Info:    Overwriting symbol font `largesymbols' in version `normal'
(Font)                  OMX/lmex/m/n --> OMX/mdugm/m/n on input line 117.
LaTeX Font Info:    Overwriting symbol font `operators' in version `bold'
(Font)                  OT1/lmr/bx/n --> OT1/mdugm/b/n on input line 119.
LaTeX Font Info:    Overwriting symbol font `letters' in version `bold'
(Font)                  OML/lmm/b/it --> OML/mdugm/b/it on input line 120.
LaTeX Font Info:    Overwriting symbol font `symbols' in version `bold'
(Font)                  OMS/lmsy/b/n --> OMS/mdugm/b/n on input line 121.
LaTeX Font Info:    Overwriting symbol font `largesymbols' in version `bold'
(Font)                  OMX/lmex/m/n --> OMX/mdugm/b/n on input line 122.
LaTeX Font Info:    Overwriting math alphabet `\mathrm' in version `normal'
(Font)                  OT1/mdugm/m/n --> T1/mdugm/m/n on input line 124.
LaTeX Font Info:    Overwriting math alphabet `\mathbf' in version `normal'
(Font)                  OT1/lmr/bx/n --> T1/mdugm/b/n on input line 125.
LaTeX Font Info:    Overwriting math alphabet `\mathit' in version `normal'
(Font)                  OT1/lmr/m/it --> T1/mdugm/m/it on input line 126.
LaTeX Font Info:    Overwriting math alphabet `\mathsf' in version `normal'
(Font)                  OT1/lmss/m/n --> T1/lmss/m/n on input line 127.
LaTeX Font Info:    Overwriting math alphabet `\mathtt' in version `normal'
(Font)                  OT1/lmtt/m/n --> T1/lmtt/m/n on input line 128.
LaTeX Font Info:    Overwriting math alphabet `\mathcal' in version `normal'
(Font)                  OMS/mdugm/m/n --> OMS/mdugm/m/n on input line 132.
LaTeX Font Info:    Overwriting math alphabet `\mathrm' in version `bold'
(Font)                  OT1/mdugm/b/n --> T1/mdugm/b/n on input line 137.
LaTeX Font Info:    Overwriting math alphabet `\mathbf' in version `bold'
(Font)                  OT1/lmr/bx/n --> T1/mdugm/b/n on input line 138.
LaTeX Font Info:    Overwriting math alphabet `\mathit' in version `bold'
(Font)                  OT1/lmr/bx/it --> T1/mdugm/b/it on input line 139.
LaTeX Font Info:    Overwriting math alphabet `\mathsf' in version `bold'
(Font)                  OT1/lmss/bx/n --> T1/lmss/b/n on input line 140.
LaTeX Font Info:    Overwriting math alphabet `\mathtt' in version `bold'
(Font)                  OT1/lmtt/m/n --> T1/lmtt/b/n on input line 141.
LaTeX Font Info:    Redeclaring math accent \widetilde on input line 153.
LaTeX Font Info:    Redeclaring math accent \widehat on input line 154.
\symlettersupright=\mathgroup7
LaTeX Font Info:    Overwriting symbol font `lettersupright' in version `bold'
(Font)                  OML/mdugm/m/n --> OML/mdugm/b/n on input line 190.
LaTeX Font Info:    Redeclaring math alphabet \mathrm on input line 193.
\symmathdesignA=\mathgroup8
LaTeX Font Info:    Overwriting symbol font `mathdesignA' in version `bold'
(Font)                  MDA/mdugm/m/n --> MDA/mdugm/b/n on input line 382.
\@emptytoks=\toks18
LaTeX Font Info:    Redeclaring math accent \widetilde on input line 421.
LaTeX Font Info:    Redeclaring math accent \widehat on input line 422.
\symmathdesignB=\mathgroup9
LaTeX Font Info:    Overwriting symbol font `mathdesignB' in version `bold'
(Font)                  MDB/mdugm/m/n --> MDB/mdugm/b/n on input line 685.
)
(/usr/local/texlive/2009/texmf-dist/tex/latex/base/fontenc.sty
Package: fontenc 2005/09/27 v1.99g Standard LaTeX package

(/usr/local/texlive/2009/texmf-dist/tex/latex/base/t1enc.def
File: t1enc.def 2005/09/27 v1.99g Standard LaTeX file
LaTeX Font Info:    Redeclaring font encoding T1 on input line 43.
)))
(./format_libro.tex
(/usr/local/texlive/2009/texmf-dist/tex/latex/geometry/geometry.sty
Package: geometry 2008/12/21 v4.2 Page Geometry

(/usr/local/texlive/2009/texmf-dist/tex/generic/oberdiek/ifpdf.sty
Package: ifpdf 2009/04/10 v2.0 Provides the ifpdf switch (HO)
Package ifpdf Info: pdfTeX in pdf mode detected.
)
(/usr/local/texlive/2009/texmf-dist/tex/generic/oberdiek/ifvtex.sty
Package: ifvtex 2008/11/04 v1.4 Switches for detecting VTeX and its modes (HO)
Package ifvtex Info: VTeX not detected.
)
\Gm@cnth=\count92
\Gm@cntv=\count93
\c@Gm@tempcnt=\count94
\Gm@bindingoffset=\dimen106
\Gm@wd@mp=\dimen107
\Gm@odd@mp=\dimen108
\Gm@even@mp=\dimen109
\Gm@dimlist=\toks19

(/usr/local/texlive/2009/texmf-dist/tex/xelatex/xetexconfig/geometry.cfg)))
(./libro_gar.aux (./extdef_libro.aux) (./Chapters/title_KINDLE.aux)
(./Chapters/chap0.aux) (./Chapters/chap01.aux) (./Chapters/chap1.aux)
(./Chapters/chap2.aux) (./Chapters/chap3.aux) (./Chapters/chap4.aux)
(./Chapters/chap5.aux) (./Chapters/chap6.aux) (./Chapters/chap7.aux)
(./Chapters/chap8.aux) (./Chapters/chap9.aux) (./Chapters/chap10.aux)
(./Chapters/chap11.aux) (./Chapters/chap12.aux) (./Chapters/chap13.aux)
(./Chapters/chap14.aux) (./Chapters/chap15.aux) (./Chapters/preguntas.aux)
(./Chapters/bib.aux))
\openout1 = `libro_gar.aux'.

LaTeX Font Info:    Checking defaults for OML/cmm/m/it on input line 51.
LaTeX Font Info:    ... okay on input line 51.
LaTeX Font Info:    Checking defaults for T1/cmr/m/n on input line 51.
LaTeX Font Info:    ... okay on input line 51.
LaTeX Font Info:    Checking defaults for OT1/cmr/m/n on input line 51.
LaTeX Font Info:    ... okay on input line 51.
LaTeX Font Info:    Checking defaults for OMS/cmsy/m/n on input line 51.
LaTeX Font Info:    ... okay on input line 51.
LaTeX Font Info:    Checking defaults for OMX/cmex/m/n on input line 51.
LaTeX Font Info:    ... okay on input line 51.
LaTeX Font Info:    Checking defaults for U/cmr/m/n on input line 51.
LaTeX Font Info:    ... okay on input line 51.
LaTeX Font Info:    Checking defaults for MDA/cmr/m/n on input line 51.
LaTeX Font Info:    Try loading font information for MDA+cmr on input line 51.

(/usr/local/texlive/2009/texmf-dist/tex/latex/mathdesign/mdacmr.fd
File: mdacmr.fd 
)
LaTeX Font Info:    ... okay on input line 51.
LaTeX Font Info:    Checking defaults for MDB/cmr/m/n on input line 51.
LaTeX Font Info:    Try loading font information for MDB+cmr on input line 51.

(/usr/local/texlive/2009/texmf-dist/tex/latex/mathdesign/mdbcmr.fd
File: mdbcmr.fd 
)
LaTeX Font Info:    ... okay on input line 51.

(/usr/local/texlive/2009/texmf-dist/tex/context/base/supp-pdf.mkii
[Loading MPS to PDF converter (version 2006.09.02).]
\scratchcounter=\count95
\scratchdimen=\dimen110
\scratchbox=\box26
\nofMPsegments=\count96
\nofMParguments=\count97
\everyMPshowfont=\toks20
\MPscratchCnt=\count98
\MPscratchDim=\dimen111
\MPnumerator=\count99
\everyMPtoPDFconversion=\toks21
)
*geometry auto-detecting driver*
*geometry detected driver: pdftex*
-------------------- Geometry parameters
paper: class default
landscape: --
twocolumn: --
twoside: true
asymmetric: --
h-parts: 59.62556pt, 341.43306pt, 42.67912pt
v-parts: 56.9055pt, 540.60236pt, 68.09932pt
hmarginratio: --
vmarginratio: --
lines: --
heightrounded: --
bindingoffset: 0.0pt
truedimen: --
includehead: --
includefoot: --
includemp: --
driver: pdftex
-------------------- Page layout dimensions and switches
\paperwidth  443.73775pt
\paperheight 665.60718pt
\textwidth  341.43306pt
\textheight 540.60236pt
\oddsidemargin  -12.64442pt
\evensidemargin -29.59087pt
\topmargin  -47.23828pt
\headheight 12.0pt
\headsep    19.8738pt
\footskip   27.46295pt
\marginparwidth 50.0pt
\marginparsep   7.0pt
\columnsep  10.0pt
\skip\footins  10.0pt plus 4.0pt minus 2.0pt
\hoffset 0.0pt
\voffset 0.0pt
\mag 1000
\@twosidetrue \@mparswitchtrue 
(1in=72.27pt, 1cm=28.45pt)
-----------------------
\openout2 = `extdef_libro.aux'.

(./extdef_libro.tex
\c@teo=\count100
\c@cor=\count101
\c@lem=\count102
\c@pro=\count103
)
\openout2 = `Chapters/title_KINDLE.aux'.

 (./Chapters/title_KINDLE.tex
LaTeX Font Info:    Font shape `T1/mdugm/bx/n' in size <10.95> not available
(Font)              Font shape `T1/mdugm/b/n' tried instead on input line 4.
LaTeX Font Info:    Font shape `T1/mdugm/bx/n' in size <20.74> not available
(Font)              Font shape `T1/mdugm/b/n' tried instead on input line 4.
LaTeX Font Info:    Font shape `T1/mdugm/bx/n' in size <14.4> not available
(Font)              Font shape `T1/mdugm/b/n' tried instead on input line 6.
) [1




{/usr/local/texlive/2009/texmf-var/fonts/map/pdftex/updmap/pdftex.map}]
\openout2 = `Chapters/chap0.aux'.

 (./Chapters/chap0.tex [2



]
LaTeX Font Info:    Font shape `T1/mdugm/bx/n' in size <12> not available
(Font)              Font shape `T1/mdugm/b/n' tried instead on input line 6.
LaTeX Font Info:    Try loading font information for OT1+mdugm on input line 10
.

(/usr/local/texlive/2009/texmf-dist/tex/latex/mathdesign/mdugm/ot1mdugm.fd
File: ot1mdugm.fd 2006/01/29 Fontinst v1.928 font definitions for OT1/mdugm.
)
LaTeX Font Info:    Try loading font information for OML+mdugm on input line 10
.

(/usr/local/texlive/2009/texmf-dist/tex/latex/mathdesign/mdugm/omlmdugm.fd
File: omlmdugm.fd 2006/01/29 Fontinst v1.928 font definitions for OML/mdugm.
)
LaTeX Font Info:    Try loading font information for OMS+mdugm on input line 10
.

(/usr/local/texlive/2009/texmf-dist/tex/latex/mathdesign/mdugm/omsmdugm.fd
File: omsmdugm.fd 2006/01/29 Fontinst v1.928 font definitions for OMS/mdugm.
)
LaTeX Font Info:    Try loading font information for OMX+mdugm on input line 10
.

(/usr/local/texlive/2009/texmf-dist/tex/latex/mathdesign/mdugm/omxmdugm.fd
File: omxmdugm.fd 2006/01/29 Fontinst v1.928 font definitions for OMX/mdugm.
)
LaTeX Font Info:    Try loading font information for U+lasy on input line 10.

(/usr/local/texlive/2009/texmf-dist/tex/latex/base/ulasy.fd
File: ulasy.fd 1998/08/17 v2.2e LaTeX symbol font definitions
)
LaTeX Font Info:    Try loading font information for MDA+mdugm on input line 10
.

(/usr/local/texlive/2009/texmf-dist/tex/latex/mathdesign/mdugm/mdamdugm.fd
File: mdamdugm.fd 2006/01/29 Fontinst v1.928 font definitions for MDA/mdugm.
)
LaTeX Font Info:    Try loading font information for MDB+mdugm on input line 10
.

(/usr/local/texlive/2009/texmf-dist/tex/latex/mathdesign/mdugm/mdbmdugm.fd
File: mdbmdugm.fd 2006/01/29 Fontinst v1.928 font definitions for MDB/mdugm.
))
[3] [4


] (./libro_gar.toc [5] [6] [7])
\tf@toc=\write3
\openout3 = `libro_gar.toc'.

 [8] (./libro_gar.lof [9

])
\tf@lof=\write4
\openout4 = `libro_gar.lof'.

 [10]
\openout2 = `Chapters/chap01.aux'.


(./Chapters/chap01.tex [11


]
Underfull \vbox (badness 7759) has occurred while \output is active []

 [12])
[13]
\openout2 = `Chapters/chap1.aux'.

 (./Chapters/chap1.tex [14



]
\hfil Cap\'{\i }tulo 1.
LaTeX Font Info:    Font shape `T1/mdugm/bx/fsc' in size <12> not available
(Font)              Font shape `T1/mdugm/b/fsc' tried instead on input line 5.
[15]
Overfull \hbox (0.28256pt too wide) in paragraph at lines 89--96
$[]$\T1/mdugm/m/n/10.95 : d) Sea $\OML/mdugm/m/it/10.95 X \OT1/mdugm/m/n/10.95 
= [] \OMS/mdugm/m/n/10.95 ^^B [] ^^Q [][]$\T1/mdugm/m/n/10.95 , es de-cir el pr
o-duc-to car-te-siano de []consigo
 []


Underfull \vbox (badness 1675) has occurred while \output is active []

 [16]
[17]
LaTeX Font Info:    Font shape `T1/mdugm/bx/n' in size <10> not available
(Font)              Font shape `T1/mdugm/b/n' tried instead on input line 206.

Underfull \vbox (badness 1297) has occurred while \output is active []

 [18]
[19]
Underfull \vbox (badness 10000) has occurred while \output is active []

 [20]
[21] [22] [23]
Underfull \vbox (badness 10000) has occurred while \output is active []

 [24])
[25]
\openout2 = `Chapters/chap2.aux'.

 (./Chapters/chap2.tex [26



]
\hfil Cap\'{\i }tulo 2.
LaTeX Font Info:    Font shape `U/lasy/b/n' in size <8> not available
(Font)              Font shape `U/lasy/m/n' tried instead on input line 15.
LaTeX Font Info:    Font shape `U/lasy/b/n' in size <6> not available
(Font)              Font shape `U/lasy/m/n' tried instead on input line 15.
[27] [28]
LaTeX Font Info:    Font shape `U/lasy/b/n' in size <9> not available
(Font)              Font shape `U/lasy/m/n' tried instead on input line 178.
LaTeX Font Info:    Font shape `U/lasy/b/n' in size <5> not available
(Font)              Font shape `U/lasy/m/n' tried instead on input line 178.
 [29] [30] [31] [32] (./Figure/m2_1.pdftex_t
<Figure/m2_1.pdf, id=115, 299.1175pt x 187.70125pt>
File: Figure/m2_1.pdf Graphic file (type pdf)
 <use Figure/m2_1.pdf>)
[33] [34 <./Figure/m2_1.pdf>]
Overfull \hbox (5.34288pt too wide) in paragraph at lines 482--487
$[]$\T1/mdugm/m/n/10.95 : Mos-tra-re-mos que to-das son equi-va-len-tes a la no
r-ma $\OMS/mdugm/m/n/10.95 k[]k[] \OT1/mdugm/m/n/10.95 = [][] \OMS/mdugm/m/n/10
.95 j\OML/mdugm/m/it/10.95 a[]\OMS/mdugm/m/n/10.95 j$\T1/mdugm/m/n/10.95 ,
 []

[35] [36] [37]
LaTeX Font Info:    Font shape `U/lasy/b/n' in size <7> not available
(Font)              Font shape `U/lasy/m/n' tried instead on input line 673.
 [38] [39] [40] [41]
Overfull \hbox (7.76756pt too wide) in paragraph at lines 938--943
[]\T1/mdugm/m/n/10.95 Continuamos aho-ra con el es-tu-dio de los subes-pa-cios 
in-va-rian-tes. Si $[]\OT1/mdugm/m/n/10.95 ([] \OMS/mdugm/m/n/10.95 ^^@
 []

[42] [43] [44] [45] [46] [47] [48] [49] [50] [51] [52] [53]
Underfull \vbox (badness 10000) has occurred while \output is active []

 [54]
(./Figure/m2_2.pdftex_t <Figure/m2_2.pdf, id=187, 299.1175pt x 207.77625pt>
File: Figure/m2_2.pdf Graphic file (type pdf)

<use Figure/m2_2.pdf>) [55] [56 <./Figure/m2_2.pdf>] (./Figure/m2_3.pdftex_t
<Figure/m2_3.pdf, id=197, 299.1175pt x 207.77625pt>
File: Figure/m2_3.pdf Graphic file (type pdf)
 <use Figure/m2_3.pdf>)
[57] [58 <./Figure/m2_3.pdf>] [59] (./Figure/m2_4.pdftex_t
<Figure/m2_4.pdf, id=209, 299.1175pt x 249.93375pt>
File: Figure/m2_4.pdf Graphic file (type pdf)
 <use Figure/m2_4.pdf>)
[60 <./Figure/m2_4.pdf>] [61] [62] [63]) [64]
\openout2 = `Chapters/chap3.aux'.

 (./Chapters/chap3.tex
\hfil Cap\'{\i }tulo 3.
(./Figure/m3_1_b.pdftex_t
<Figure/m3_1_b.pdf, id=228, 299.1175pt x 151.56625pt>
File: Figure/m3_1_b.pdf Graphic file (type pdf)
 <use Figure/m3_1_b.pdf>)
[65



] (./Figure/m3_2.pdftex_t
<Figure/m3_2.pdf, id=232, 299.1175pt x 185.69376pt>
File: Figure/m3_2.pdf Graphic file (type pdf)
 <use Figure/m3_2.pdf>)
[66 <./Figure/m3_1_b.pdf>] (./Figure/m3_3.pdftex_t
<Figure/m3_3.pdf, id=238, 299.1175pt x 109.40875pt>
File: Figure/m3_3.pdf Graphic file (type pdf)
 <use Figure/m3_3.pdf>)
[67 <./Figure/m3_2.pdf> <./Figure/m3_3.pdf>] [68]
Overfull \hbox (4.36754pt too wide) in paragraph at lines 204--210
$[]$\T1/mdugm/m/n/10.95 : $\OML/mdugm/m/it/10.95 M$\T1/mdugm/m/n/10.95 , co-mo 
con-jun-to, cons-ta de tres in-ter-va-los de la rec-ta $\OML/mdugm/m/it/10.95 I
[]  \OT1/mdugm/m/n/10.95 = (\OMS/mdugm/m/n/10.95 ^^@1\OML/mdugm/m/it/10.95 ; \O
T1/mdugm/m/n/10.95 0]$\T1/mdugm/m/n/10.95 ,
 []

(./Figure/m3_4.pdftex_t <Figure/m3_4.pdf, id=250, 299.1175pt x 111.41624pt>
File: Figure/m3_4.pdf Graphic file (type pdf)

<use Figure/m3_4.pdf>) [69 <./Figure/m3_4.pdf>] (./Figure/m3_5.pdftex_t
<Figure/m3_5.pdf, id=256, 299.1175pt x 204.765pt>
File: Figure/m3_5.pdf Graphic file (type pdf)
 <use Figure/m3_5.pdf>)
(./Figure/m3_6.pdftex_t <Figure/m3_6.pdf, id=257, 299.1175pt x 156.585pt>
File: Figure/m3_6.pdf Graphic file (type pdf)

<use Figure/m3_6.pdf>)
Underfull \vbox (badness 5681) has occurred while \output is active []

 [70 <./Figure/m3_5.pdf>] (./Figure/m3_7.pdftex_t
<Figure/m3_7.pdf, id=263, 299.1175pt x 182.6825pt>
File: Figure/m3_7.pdf Graphic file (type pdf)
 <use Figure/m3_7.pdf>)
[71 <./Figure/m3_6.pdf> <./Figure/m3_7.pdf>] [72] [73] (./Figure/m3_8.pdftex_t
<Figure/m3_8.pdf, id=278, 299.1175pt x 202.7575pt>
File: Figure/m3_8.pdf Graphic file (type pdf)
 <use Figure/m3_8.pdf>)
[74] [75 <./Figure/m3_8.pdf>] [76]
Overfull \hbox (1.46901pt too wide) in paragraph at lines 603--607
$[]$\T1/mdugm/m/n/10.95 : En $[][]$ sea el vec-tor con com-po-nen-te coor-de-na
-da $\OML/mdugm/m/it/10.95 x[]$\T1/mdugm/m/n/10.95 , es de-cir $\OML/mdugm/m/it
/10.95 V\OT1/mdugm/m/n/10.95 (\OML/mdugm/m/it/10.95 x\OT1/mdugm/m/n/10.95 ) =
 []

[77] [78] [79] [80] [81] [82] [83]
Overfull \hbox (4.18024pt too wide) in paragraph at lines 1018--1025
\T1/mdugm/m/n/10.95 es-pe-ran-do \T1/mdugm/m/it/10.95 co-mer-se \T1/mdugm/m/n/1
0.95 una for-ma pa-ra dar-nos el ten-sor de ti-po (0,2) $[] \OML/mdugm/m/it/10.
95 w[]:$
 []

[84]
Overfull \hbox (15.3476pt too wide) in paragraph at lines 1045--1048
$[]$\T1/mdugm/m/n/10.95 : Sea $\OML/mdugm/m/it/10.95 A[]$ \T1/mdugm/m/n/10.95 u
n ten-sor to-tal-men-te an-ti-si-mé-tri-co. Mues-tre que $\OMS/mdugm/m/n/10.95 
r[]\OML/mdugm/m/it/10.95 A[]$\T1/mdugm/m/n/10.95 ,
 []

[85] [86]) [87]
\openout2 = `Chapters/chap4.aux'.

 (./Chapters/chap4.tex [88



]
\hfil Cap\'{\i }tulo 4.
[89] (./Figure/m4_1.pdftex_t <Figure/m4_1.pdf, id=332, 299.1175pt x 260.975pt>
File: Figure/m4_1.pdf Graphic file (type pdf)

<use Figure/m4_1.pdf>) [90] [91 <./Figure/m4_1.pdf>] [92]
(./Figure/m4_2_b.pdftex_t <Figure/m4_2_b.pdf, id=348, 299.1175pt x 250.9375pt>
File: Figure/m4_2_b.pdf Graphic file (type pdf)

<use Figure/m4_2_b.pdf>) (./Figure/m4_2.pdftex_t
<Figure/m4_2.pdf, id=349, 299.1175pt x 256.96pt>
File: Figure/m4_2.pdf Graphic file (type pdf)
 <use Figure/m4_2.pdf>)
[93] [94 <./Figure/m4_2_b.pdf> <./Figure/m4_2.pdf>] [95]
(./Figure/m4_3.pdftex_t <Figure/m4_3.pdf, id=363, 299.1175pt x 188.705pt>
File: Figure/m4_3.pdf Graphic file (type pdf)

<use Figure/m4_3.pdf>) [96]
Underfull \vbox (badness 4328) has occurred while \output is active []

 [97 <./Figure/m4_3.pdf>]
Overfull \hbox (3.37616pt too wide) in paragraph at lines 487--496
\T1/mdugm/m/it/10.95 pac-to [es de-cir ce-rra-do y aco-ta-do] de $\OML/mdugm/m/
it/10.95 U$\T1/mdugm/m/it/10.95 , $\OML/mdugm/m/it/10.95 z[] \OMS/mdugm/m/n/10.
95 2 \OML/mdugm/m/it/10.95 U[]$\T1/mdugm/m/it/10.95 . Lue-go la so-lu-ción $\OT
1/mdugm/m/n/10.95 ([](\OML/mdugm/m/it/10.95 z[]; t[]; t\OT1/mdugm/m/n/10.95 )\O
ML/mdugm/m/it/10.95 ; I\OT1/mdugm/m/n/10.95 )$
 []


Overfull \hbox (1.10683pt too wide) in paragraph at lines 498--516
\OML/mdugm/m/it/10.95 T$ \T1/mdugm/m/n/10.95 la me-nor de las co-tas su-pe-rio-
res del con-jun-to $\OMS/mdugm/m/n/10.95 f\OML/mdugm/m/it/10.95 ^^\ \OMS/mdugm/
m/n/10.95 j \OML/mdugm/m/it/10.95 '[]\OT1/mdugm/m/n/10.95 (\OML/mdugm/m/it/10.9
5 z[]; t\OT1/mdugm/m/n/10.95 ) = \OML/mdugm/m/it/10.95 '[]\OT1/mdugm/m/n/10.95 
(\OML/mdugm/m/it/10.95 z[]; t\OT1/mdugm/m/n/10.95 ) \OMS/mdugm/m/n/10.95 8 \OML
/mdugm/m/it/10.95 t[] \OMS/mdugm/m/n/10.95 ^^T
 []

(./Figure/m4_4.pdftex_t <Figure/m4_4.pdf, id=373, 299.1175pt x 231.86626pt>
File: Figure/m4_4.pdf Graphic file (type pdf)

<use Figure/m4_4.pdf>
LaTeX Font Info:    Calculating math sizes for size <14> on input line 14.
) (./Figure/m4_5.pdftex_t
<Figure/m4_5.pdf, id=374, 299.1175pt x 114.4275pt>
File: Figure/m4_5.pdf Graphic file (type pdf)
 <use Figure/m4_5.pdf>)
[98] [99 <./Figure/m4_4.pdf> <./Figure/m4_5.pdf>] [100] [101] [102] [103]
(./Figure/m4_6.pdftex_t <Figure/m4_6.pdf, id=399, 299.1175pt x 191.71625pt>
File: Figure/m4_6.pdf Graphic file (type pdf)

<use Figure/m4_6.pdf>) (./Figure/m4_7.pdftex_t
<Figure/m4_7.pdf, id=400, 244.915pt x 299.1175pt>
File: Figure/m4_7.pdf Graphic file (type pdf)
 <use Figure/m4_7.pdf>)
[104] [105 <./Figure/m4_6.pdf> <./Figure/m4_7.pdf>] [106] [107] [108] [109]
[110] [111]
Overfull \hbox (4.78348pt too wide) in paragraph at lines 1215--1217
[]\T1/mdugm/m/it/10.95 Resuelva las si-guien-tes ecua-cio-nes ape-lan-do a un c
am-
 []

[112] [113]) [114]
\openout2 = `Chapters/chap5.aux'.

 (./Chapters/chap5.tex
\hfil Cap\'{\i }tulo 5.
[115



] [116] [117] [118] [119] [120] [121] [122] [123] [124] [125] [126]
[127] [128]) [129]
\openout2 = `Chapters/chap6.aux'.

 (./Chapters/chap6.tex [130



]
\hfil Cap\'{\i }tulo 6.
(./Figure/m6_1.pdftex_t <Figure/m6_1.pdf, id=490, 299.1175pt x 234.8775pt>
File: Figure/m6_1.pdf Graphic file (type pdf)

<use Figure/m6_1.pdf>) [131] [132 <./Figure/m6_1.pdf>] [133]
(./Figure/m6_2.pdftex_t <Figure/m6_2.pdf, id=503, 299.1175pt x 177.66376pt>
File: Figure/m6_2.pdf Graphic file (type pdf)

<use Figure/m6_2.pdf>) [134 <./Figure/m6_2.pdf>] (./Figure/m6_3.pdftex_t
<Figure/m6_3.pdf, id=509, 287.0725pt x 299.1175pt>
File: Figure/m6_3.pdf Graphic file (type pdf)
 <use Figure/m6_3.pdf>)
[135 <./Figure/m6_3.pdf>] [136]
Overfull \hbox (0.98773pt too wide) in paragraph at lines 326--329
$[]$\T1/mdugm/m/n/10.95 : En $[][]$ sea $[][]\OT1/mdugm/m/n/10.95 ((\OML/mdugm/
m/it/10.95 x[]; y[]\OT1/mdugm/m/n/10.95 )\OML/mdugm/m/it/10.95 ; \OT1/mdugm/m/n
/10.95 (\OML/mdugm/m/it/10.95 x[]; y[]\OT1/mdugm/m/n/10.95 )) = \OML/mdugm/m/it
/10.95 x[]x[] \OT1/mdugm/m/n/10.95 + \OML/mdugm/m/it/10.95 y[]y[]$ \T1/mdugm/m/
n/10.95 y $[][]\OT1/mdugm/m/n/10.95 ((\OML/mdugm/m/it/10.95 x[]; y[]\OT1/mdugm/
m/n/10.95 )\OML/mdugm/m/it/10.95 ; \OT1/mdugm/m/n/10.95 (\OML/mdugm/m/it/10.95 
x[]; y[]\OT1/mdugm/m/n/10.95 )) =
 []

[137] [138] [139] [140]) [141]
\openout2 = `Chapters/chap7.aux'.

 (./Chapters/chap7.tex [142



]
\hfil Cap\'{\i }tulo 7.
[143] [144] [145] [146] (./Figure/m7_1.pdftex_t
<Figure/m7_1.pdf, id=550, 299.1175pt x 299.1175pt>
File: Figure/m7_1.pdf Graphic file (type pdf)
 <use Figure/m7_1.pdf>)
[147] [148 <./Figure/m7_1.pdf>]) [149]
\openout2 = `Chapters/chap8.aux'.

 (./Chapters/chap8.tex [150



]
\hfil Cap\'{\i }tulo 8.
[151]
Overfull \hbox (4.66298pt too wide) in paragraph at lines 79--82
$[]$\T1/mdugm/m/n/10.95 : Prue-be que la su-ce-sión de Cau-chy de su-ce-sio-nes
 de Cau-chy, $\OMS/mdugm/m/n/10.95 ff\OML/mdugm/m/it/10.95 w[]\OMS/mdugm/m/n/10
.95 g[]g$
 []

[152] (./Figure/m8_1.pdftex_t
<Figure/m8_1.pdf, id=572, 299.1175pt x 201.75375pt>
File: Figure/m8_1.pdf Graphic file (type pdf)
 <use Figure/m8_1.pdf>)
[153] (./Figure/m8_2.pdftex_t
<Figure/m8_2.pdf, id=576, 299.1175pt x 204.765pt>
File: Figure/m8_2.pdf Graphic file (type pdf)
 <use Figure/m8_2.pdf>)
[154 <./Figure/m8_1.pdf> <./Figure/m8_2.pdf>] (./Figure/m8_3.pdftex_t
<Figure/m8_3.pdf, id=584, 299.1175pt x 205.76875pt>
File: Figure/m8_3.pdf Graphic file (type pdf)
 <use Figure/m8_3.pdf>)
[155] [156 <./Figure/m8_3.pdf>] [157] [158]
Overfull \hbox (0.12984pt too wide) in paragraph at lines 414--419
\T1/mdugm/m/n/10.95 cuá-les son los con-jun-tos me-di-bles. Bas-ta-rá de-cir qu
e to-dos los con-jun-tos abier-
 []

[159] [160] [161] [162]
Overfull \hbox (1.26111pt too wide) in paragraph at lines 623--632
[][]$\T1/mdugm/m/n/10.95 ) y por lo tan-to, to-man-do aho-ra el lí-mi-te $\OML/
mdugm/m/it/10.95 k \OMS/mdugm/m/n/10.95 ! 1$ \T1/mdugm/m/n/10.95 ve-mos que $\O
MS/mdugm/m/n/10.95 ff\OML/mdugm/m/it/10.95 x[]\OMS/mdugm/m/n/10.95 g[]g ^^@
 []

[163] [164] (./Figure/m8_4.pdftex_t
<Figure/m8_4.pdf, id=619, 299.1175pt x 207.77625pt>
File: Figure/m8_4.pdf Graphic file (type pdf)
 <use Figure/m8_4.pdf>)
[165 <./Figure/m8_4.pdf>] (./Figure/m8_5.pdftex_t
<Figure/m8_5.pdf, id=625, 299.1175pt x 195.73125pt>
File: Figure/m8_5.pdf Graphic file (type pdf)
 <use Figure/m8_5.pdf>)
[166 <./Figure/m8_5.pdf>] [167] [168] [169] [170] [171]
Overfull \hbox (4.50119pt too wide) in paragraph at lines 1162--1165
$[]$\T1/mdugm/m/n/10.95 : Mues-tre que los ele-men-tos de $\OML/mdugm/m/it/10.9
5 L[]\OT1/mdugm/m/n/10.95 (0\OML/mdugm/m/it/10.95 ; \OT1/mdugm/m/n/10.95 2\OML/
mdugm/m/it/10.95 ^^Y\OT1/mdugm/m/n/10.95 )$ \T1/mdugm/m/n/10.95 de la for-ma $\
OML/mdugm/m/it/10.95 f[]\OT1/mdugm/m/n/10.95 (\OML/mdugm/m/it/10.95 x\OT1/mdugm
/m/n/10.95 ) = []\OML/mdugm/m/it/10.95 e[]$\T1/mdugm/m/n/10.95 ,
 []

[172]
Overfull \hbox (18.57877pt too wide) in paragraph at lines 1197--1202
\T1/mdugm/m/n/10.95 dad, da-da cual-quier fun-ción $\OML/mdugm/m/it/10.95 f\OT1
/mdugm/m/n/10.95 (\OML/mdugm/m/it/10.95 x\OT1/mdugm/m/n/10.95 ) \OMS/mdugm/m/n/
10.95 2 \OML/mdugm/m/it/10.95 L[]\OT1/mdugm/m/n/10.95 ([0\OML/mdugm/m/it/10.95 
; \OT1/mdugm/m/n/10.95 2\OML/mdugm/m/it/10.95 ^^Y\OT1/mdugm/m/n/10.95 ])$ \T1/m
dugm/m/n/10.95 y $[] \OML/mdugm/m/it/10.95 > \OT1/mdugm/m/n/10.95 0$ \T1/mdugm/
m/n/10.95 exis-ti-rá $\OML/mdugm/m/it/10.95 f[] \OMS/mdugm/m/n/10.95 2 \OML/mdu
gm/m/it/10.95 Lip[]\OT1/mdugm/m/n/10.95 ([0\OML/mdugm/m/it/10.95 ; \OT1/mdugm/m
/n/10.95 2\OML/mdugm/m/it/10.95 ^^Y\OT1/mdugm/m/n/10.95 ])$
 []


Overfull \hbox (14.86594pt too wide) in paragraph at lines 1218--1228
\T1/mdugm/m/n/10.95 nues-tra su-po-si-ción an-te-rior (to-da-vía no pro-ba-da),
 te-ne-mos que $\OMS/mdugm/m/n/10.95 k\OML/mdugm/m/it/10.95 f[] \OMS/mdugm/m/n/
10.95 ^^@ \OML/mdugm/m/it/10.95 S[]\OT1/mdugm/m/n/10.95 (\OML/mdugm/m/it/10.95 
f[]\OT1/mdugm/m/n/10.95 )\OMS/mdugm/m/n/10.95 k[] \OML/mdugm/m/it/10.95 <
 []

[173] [174] [175] [176] [177] [178] [179] [180] [181] [182] [183]) [184]
\openout2 = `Chapters/chap9.aux'.


(./Chapters/chap9.tex
\hfil Cap\'{\i }tulo 9.
[185



]
Overfull \hbox (0.46977pt too wide) in paragraph at lines 86--98
[]\T1/mdugm/m/n/10.95 ?`Qué no-ción de con-ti-nui-dad in-tro-du-ci-re-mos en la
s fun-cio-na-les de $\OML/mdugm/m/it/10.95 C[]\OT1/mdugm/m/n/10.95 ([][])$
 []

[186] [187] [188] [189] [190] [191] [192] [193] [194]
Overfull \hbox (0.92178pt too wide) in paragraph at lines 606--610
$[]$\T1/mdugm/m/n/10.95 : Só-lo pro-ba-re-mos el ca-so en que $\OML/mdugm/m/it/
10.95 H$ \T1/mdugm/m/n/10.95 es se-pa-ra-ble. Sea $\OMS/mdugm/m/n/10.95 f\OML/m
dugm/m/it/10.95 x[]\OMS/mdugm/m/n/10.95 g$ \T1/mdugm/m/n/10.95 con $\OMS/mdugm/
m/n/10.95 k\OML/mdugm/m/it/10.95 x[]\OMS/mdugm/m/n/10.95 k[] ^^T
 []

[195]) [196]
\openout2 = `Chapters/chap10.aux'.

 (./Chapters/chap10.tex
\hfil Cap\'{\i }tulo 10.
[197



] [198] [199] [200] [201] [202] [203] [204] [205] [206] [207] [208]
[209] [210]) [211]
\openout2 = `Chapters/chap11.aux'.

 (./Chapters/chap11.tex [212



]
\hfil Cap\'{\i }tulo 11.
[213] [214] [215] [216] (./Figure/m11_1.pdftex_t
<Figure/m11_1.pdf, id=790, 299.1175pt x 242.9075pt>
File: Figure/m11_1.pdf Graphic file (type pdf)
 <use Figure/m11_1.pdf>)
(./Figure/m11_2.pdftex_t <Figure/m11_2.pdf, id=791, 222.8325pt x 299.1175pt>
File: Figure/m11_2.pdf Graphic file (type pdf)

<use Figure/m11_2.pdf>) [217 <./Figure/m11_1.pdf>] [218 <./Figure/m11_2.pdf>]
(./Figure/m11_3.pdftex_t <Figure/m11_3.pdf, id=803, 299.1175pt x 236.885pt>
File: Figure/m11_3.pdf Graphic file (type pdf)

<use Figure/m11_3.pdf>) [219 <./Figure/m11_3.pdf>] [220] [221]
(./Figure/m11_4.pdftex_t <Figure/m11_4.pdf, id=815, 299.1175pt x 160.6pt>
File: Figure/m11_4.pdf Graphic file (type pdf)

<use Figure/m11_4.pdf>)
Overfull \hbox (1.83269pt too wide) in paragraph at lines 517--519
[]\T1/mdugm/m/n/10.95 ¾Qué re-qui-si-tos de-be sa-tis-fa-cer la ecua-ción pa-ra
 que es-to sea po-si-ble? Usan-
 []


Underfull \vbox (badness 10000) has occurred while \output is active []

 [222]
[223 <./Figure/m11_4.pdf>] [224]
Overfull \hbox (3.6638pt too wide) in paragraph at lines 622--626
\T1/mdugm/m/n/10.95 c) Ha-ga lo mis-mo en $[] \OMS/mdugm/m/n/10.95 ^^B \OML/mdu
gm/m/it/10.95 S[]$ \T1/mdugm/m/n/10.95 (un ci-lin-dro es-pa-cio tem-po-ral) con
 $\OML/mdugm/m/it/10.95 ds[] \OT1/mdugm/m/n/10.95 = \OMS/mdugm/m/n/10.95 ^^@\OT
1/mdugm/m/n/10.95 (\OML/mdugm/m/it/10.95 dt\OT1/mdugm/m/n/10.95 )[] +
 []

) [225]
\openout2 = `Chapters/chap12.aux'.

 (./Chapters/chap12.tex [226



]
\hfil Cap\'{\i }tulo 12.
(./Figure/m12_1.pdftex_t <Figure/m12_1.pdf, id=834, 299.1175pt x 193.72375pt>
File: Figure/m12_1.pdf Graphic file (type pdf)

<use Figure/m12_1.pdf>) [227]
Overfull \hbox (1.0824pt too wide) in paragraph at lines 82--84
\T1/mdugm/m/n/10.95 Más ade-lan-te re-afir-ma-re-mos nues-tra in-tui-ción vien-
do que es-te pro-ble-ma siem-
 []

[228 <./Figure/m12_1.pdf>] (./Figure/m12_2.pdftex_t
<Figure/m12_2.pdf, id=843, 299.1175pt x 207.77625pt>
File: Figure/m12_2.pdf Graphic file (type pdf)
 <use Figure/m12_2.pdf>)
[229 <./Figure/m12_2.pdf>] [230] [231] [232] [233] [234] [235] [236] [237]
[238] [239]
Overfull \hbox (8.38379pt too wide) in paragraph at lines 705--709
\T1/mdugm/m/n/10.95 b) Si al-gún $[][] \OT1/mdugm/m/n/10.95 = 0$ \T1/mdugm/m/n/
10.95 en-ton-ces el pro-ble-ma an-te-rior tie-ne so-lu-ción sii $\OT1/mdugm/m/n
/10.95 (\OML/mdugm/m/it/10.95 u[]; f\OT1/mdugm/m/n/10.95 )[] =
 []

) [240]
\openout2 = `Chapters/chap13.aux'.

 (./Chapters/chap13.tex
\hfil Cap\'{\i }tulo 13.
[241



] (./Figure/m13_1.pdftex_t
<Figure/m13_1.pdf, id=888, 299.1175pt x 258.9675pt>
File: Figure/m13_1.pdf Graphic file (type pdf)
 <use Figure/m13_1.pdf>)
[242 <./Figure/m13_1.pdf>] (./Figure/m13_2.pdftex_t
<Figure/m13_2.pdf, id=894, 299.1175pt x 159.59625pt>
File: Figure/m13_2.pdf Graphic file (type pdf)
 <use Figure/m13_2.pdf>)
[243] [244 <./Figure/m13_2.pdf>] (./Figure/m13_3.pdftex_t
<Figure/m13_3.pdf, id=903, 299.1175pt x 272.01625pt>
File: Figure/m13_3.pdf Graphic file (type pdf)
 <use Figure/m13_3.pdf>)
(./Figure/m13_4.pdftex_t <Figure/m13_4.pdf, id=904, 299.1175pt x 273.02pt>
File: Figure/m13_4.pdf Graphic file (type pdf)

<use Figure/m13_4.pdf>) [245 <./Figure/m13_3.pdf>] [246 <./Figure/m13_4.pdf>]
Overfull \hbox (4.7896pt too wide) in paragraph at lines 308--313
\T1/mdugm/m/n/10.95 donde en la úl-ti-ma igual-dad he-mos usa-do  (13.1[]) y su
-pues-to que $[] [][] \OT1/mdugm/m/n/10.95 =
 []

[247] (./Figure/m13_5b.pdftex_t
<Figure/m13_5b.pdf, id=919, 299.1175pt x 165.61874pt>
File: Figure/m13_5b.pdf Graphic file (type pdf)
 <use Figure/m13_5b.pdf>)
(./Figure/m13_5.pdftex_t <Figure/m13_5.pdf, id=920, 299.1175pt x 218.8175pt>
File: Figure/m13_5.pdf Graphic file (type pdf)

<use Figure/m13_5.pdf>) [248] [249 <./Figure/m13_5b.pdf> <./Figure/m13_5.pdf>]
[250] [251] (./Figure/m13_6c.pdftex_t
<Figure/m13_6c.pdf, id=937, 299.1175pt x 77.28876pt>
File: Figure/m13_6c.pdf Graphic file (type pdf)
 <use Figure/m13_6c.pdf>)
Underfull \hbox (badness 1019) in paragraph at lines 562--562
[][]\T1/mdugm/m/n/9 Para ver es-to con-si-de-re el ma-pa en-tre $\OT1/mdugm/m/n
/9 (\OML/mdugm/m/it/9 B[] \OMS/mdugm/m/n/9 ^^B \OT1/mdugm/m/n/9 ^^@) \OMS/mdugm
/m/n/9 ^^B \OT1/mdugm/m/n/9 (\OML/mdugm/m/it/9 B[] \OMS/mdugm/m/n/9 ^^B \OT1/md
ugm/m/n/9 ^^@) \OMS/mdugm/m/n/9 ^^B \OT1/mdugm/m/n/9 ^^@ \OMS/mdugm/m/n/9 ! []$
 \T1/mdugm/m/n/9 da-do por,
 []

[252 <./Figure/m13_6c.pdf>] (./Figure/m13_6b.pdftex_t
<Figure/m13_6b.pdf, id=943, 299.1175pt x 184.69pt>
File: Figure/m13_6b.pdf Graphic file (type pdf)
 <use Figure/m13_6b.pdf>)
[253] [254 <./Figure/m13_6b.pdf>] [255] (./Figure/m13_7b.pdftex_t
<Figure/m13_7b.pdf, id=956, 299.1175pt x 151.56625pt>
File: Figure/m13_7b.pdf Graphic file (type pdf)
 <use Figure/m13_7b.pdf>)
[256] [257 <./Figure/m13_7b.pdf>] (./Figure/m13_8b.pdftex_t
<Figure/m13_8b.pdf, id=965, 299.1175pt x 226.8475pt>
File: Figure/m13_8b.pdf Graphic file (type pdf)
 <use Figure/m13_8b.pdf>)
[258 <./Figure/m13_8b.pdf>] [259]) [260]
\openout2 = `Chapters/chap14.aux'.

 (./Chapters/chap14.tex
\hfil Cap\'{\i }tulo 14.
(./Figure/m14_1.pdftex_t <Figure/m14_1.pdf, id=978, 299.1175pt x 172.645pt>
File: Figure/m14_1.pdf Graphic file (type pdf)

<use Figure/m14_1.pdf>) [261



 <./Figure/m14_1.pdf>] [262] [263]
Overfull \hbox (7.53192pt too wide) in paragraph at lines 224--226
[]\T1/mdugm/m/it/10.95 Existe a lo más una úni-
 []

[264] (./Figure/m14_2.pdftex_t
<Figure/m14_2.pdf, id=993, 299.1175pt x 172.645pt>
File: Figure/m14_2.pdf Graphic file (type pdf)
 <use Figure/m14_2.pdf>)
[265 <./Figure/m14_2.pdf>]) [266]
\openout2 = `Chapters/chap15.aux'.

 (./Chapters/chap15.tex
\hfil Cap\'{\i }tulo 15.

Overfull \hbox (0.45801pt too wide) in paragraph at lines 12--14
\T1/mdugm/m/n/10.95 ma-da \T1/mdugm/m/sl/10.95 mul-ti-pli-ca-ción\T1/mdugm/m/n/
10.95 , y usual-men-te de-no-ta-da de la mis-ma ma-ne-ra, $\OT1/mdugm/m/n/10.95
 	(\OML/mdugm/m/it/10.95 g; g[]\OT1/mdugm/m/n/10.95 ) :=
 []

[267



] [268] [269]
Overfull \hbox (7.01312pt too wide) detected at line 140
\OML/mdugm/m/it/10.95 A \OT1/mdugm/m/n/10.95 := \OMS/mdugm/m/n/10.95 f\OML/mdug
m/m/it/10.95 ^^V  \OMS/mdugm/m/n/10.95 2  \OML/mdugm/m/it/10.95 P\OT1/mdugm/m/n
/10.95 (\OML/mdugm/m/it/10.95 S\OT1/mdugm/m/n/10.95 )\OMS/mdugm/m/n/10.95 j 9 \
OML/mdugm/m/it/10.95 s;  s[] s[] []^^V\OT1/mdugm/m/n/10.95 (\OML/mdugm/m/it/10.
95 s\OT1/mdugm/m/n/10.95 ) = \OML/mdugm/m/it/10.95 s[];  ^^V\OT1/mdugm/m/n/10.9
5 (\OML/mdugm/m/it/10.95 s[]\OT1/mdugm/m/n/10.95 ) = \OML/mdugm/m/it/10.95 s[] 
^^V\OT1/mdugm/m/n/10.95 (\OML/mdugm/m/it/10.95 s[]\OT1/mdugm/m/n/10.95 ) = \OML
/mdugm/m/it/10.95 s:\OMS/mdugm/m/n/10.95 g
 []

[270] [271] [272] [273] [274]
Underfull \vbox (badness 1748) has occurred while \output is active []

 [275])
[276] [277]
\openout2 = `Chapters/preguntas.aux'.

 (./Chapters/preguntas.tex [278



]
\hfil Cap\'{\i }tulo 16.
[279] [280] [281]) [282]
\openout2 = `Chapters/bib.aux'.

 (./Chapters/bib.tex [283



]) [284] [285

]
(./libro_gar.aux (./extdef_libro.aux) (./Chapters/title_KINDLE.aux)
(./Chapters/chap0.aux) (./Chapters/chap01.aux) (./Chapters/chap1.aux)
(./Chapters/chap2.aux) (./Chapters/chap3.aux) (./Chapters/chap4.aux)
(./Chapters/chap5.aux) (./Chapters/chap6.aux) (./Chapters/chap7.aux)
(./Chapters/chap8.aux) (./Chapters/chap9.aux) (./Chapters/chap10.aux)
(./Chapters/chap11.aux) (./Chapters/chap12.aux) (./Chapters/chap13.aux)
(./Chapters/chap14.aux) (./Chapters/chap15.aux) (./Chapters/preguntas.aux)
(./Chapters/bib.aux)) )
(\end occurred inside a group at level 1)

### simple group (level 1) entered at line 1358 ({)
### bottom level 
Here is how much of TeX's memory you used:
 4555 strings out of 493848
 62271 string characters out of 3149207
 109055 words of memory out of 3000000
 7371 multiletter control sequences out of 15000+200000
 258526 words of font info for 272 fonts, out of 3000000 for 9000
 714 hyphenation exceptions out of 8191
 31i,15n,31p,863b,430s stack positions out of 5000i,500n,10000p,200000b,50000s
{/usr/local/texlive/2009/texmf-dist/fonts/enc/dvips/base/texnan
si.enc}</usr/local/texlive/2009/texmf-dist/fonts/type1/mathdesign/mdugm/md-gmm7
t.pfb></usr/local/texlive/2009/texmf-dist/fonts/type1/mathdesign/mdugm/md-gmm7y
.pfb></usr/local/texlive/2009/texmf-dist/fonts/type1/mathdesign/mdugm/md-gmmi7m
.pfb></usr/local/texlive/2009/texmf-dist/fonts/type1/mathdesign/mdugm/md-gmr7t.
pfb></usr/local/texlive/2009/texmf-dist/fonts/type1/mathdesign/mdugm/md-gmr7v.p
fb></usr/local/texlive/2009/texmf-dist/fonts/type1/mathdesign/mdugm/md-gmr7y.pf
b></usr/local/texlive/2009/texmf-dist/fonts/type1/mathdesign/mdugm/md-gmr8t.pfb
></usr/local/texlive/2009/texmf-dist/fonts/type1/mathdesign/mdugm/md-gmri7m.pfb
></usr/local/texlive/2009/texmf-dist/fonts/type1/mathdesign/mdugm/md-gmri8t.pfb
></usr/local/texlive/2009/texmf-dist/fonts/type1/mathdesign/mdugm/md-gmrma.pfb>
<./ugmm8a.pfb><./ugmmi8a.pfb><./ugmr8a.pfb><./ugmr8a.pfb><./ugmri8a.pfb>
Output written on libro_gar.pdf (285 pages, 1221811 bytes).
PDF statistics:
 1121 PDF objects out of 1200 (max. 8388607)
 0 named destinations out of 1000 (max. 500000)
 236 words of extra memory for PDF output out of 10000 (max. 10000000)

